[2m2026-03-09T02:46:40.244398Z[0m [32m INFO[0m [2mtinytown::town[0m[2m:[0m Redis version 8.6 detected ✓
[2m2026-03-09T02:46:40.245726Z[0m [32m INFO[0m [2mtt[0m[2m:[0m 🔄 Agent 'backend-1' starting loop (max 20 rounds)
[2m2026-03-09T02:46:40.245745Z[0m [32m INFO[0m [2mtt[0m[2m:[0m    CLI: auggie (auggie --print)
[2m2026-03-09T02:46:40.245758Z[0m [32m INFO[0m [2mtt[0m[2m:[0m 
📍 Round 1/20
[2m2026-03-09T02:46:40.247275Z[0m [32m INFO[0m [2mtt[0m[2m:[0m    📭 Inbox empty, waiting...
[2m2026-03-09T02:46:45.250161Z[0m [32m INFO[0m [2mtt[0m[2m:[0m 
📍 Round 1/20
[2m2026-03-09T02:46:45.255915Z[0m [32m INFO[0m [2mtt[0m[2m:[0m    📭 Inbox empty, waiting...
[2m2026-03-09T02:46:50.261131Z[0m [32m INFO[0m [2mtt[0m[2m:[0m 
📍 Round 1/20
[2m2026-03-09T02:46:50.266239Z[0m [32m INFO[0m [2mtt[0m[2m:[0m    📭 Inbox empty, waiting...
[2m2026-03-09T02:46:55.269774Z[0m [32m INFO[0m [2mtt[0m[2m:[0m 
📍 Round 1/20
[2m2026-03-09T02:46:55.273661Z[0m [32m INFO[0m [2mtt[0m[2m:[0m    📭 Inbox empty, waiting...
[2m2026-03-09T02:47:00.278230Z[0m [32m INFO[0m [2mtt[0m[2m:[0m 
📍 Round 1/20
[2m2026-03-09T02:47:00.281232Z[0m [32m INFO[0m [2mtt[0m[2m:[0m    📭 Inbox empty, waiting...
[2m2026-03-09T02:47:05.284136Z[0m [32m INFO[0m [2mtt[0m[2m:[0m 
📍 Round 1/20
[2m2026-03-09T02:47:05.290409Z[0m [32m INFO[0m [2mtt[0m[2m:[0m    📭 Inbox empty, waiting...
[2m2026-03-09T02:47:10.295087Z[0m [32m INFO[0m [2mtt[0m[2m:[0m 
📍 Round 1/20
[2m2026-03-09T02:47:10.297800Z[0m [32m INFO[0m [2mtt[0m[2m:[0m    📭 Inbox empty, waiting...
[2m2026-03-09T02:47:15.301246Z[0m [32m INFO[0m [2mtt[0m[2m:[0m 
📍 Round 1/20
[2m2026-03-09T02:47:15.306678Z[0m [32m INFO[0m [2mtt[0m[2m:[0m    📭 Inbox empty, waiting...
[2m2026-03-09T02:47:20.312076Z[0m [32m INFO[0m [2mtt[0m[2m:[0m 
📍 Round 1/20
[2m2026-03-09T02:47:20.316110Z[0m [32m INFO[0m [2mtt[0m[2m:[0m    📭 Inbox empty, waiting...
[2m2026-03-09T02:47:25.319797Z[0m [32m INFO[0m [2mtt[0m[2m:[0m 
📍 Round 1/20
[2m2026-03-09T02:47:25.325735Z[0m [32m INFO[0m [2mtt[0m[2m:[0m    📭 Inbox empty, waiting...
[2m2026-03-09T02:47:30.330612Z[0m [32m INFO[0m [2mtt[0m[2m:[0m 
📍 Round 1/20
[2m2026-03-09T02:47:30.362768Z[0m [32m INFO[0m [2mtt[0m[2m:[0m    📬 batched: 1 actionable, 0 informational, 0 confirmations
[2m2026-03-09T02:47:30.365010Z[0m [32m INFO[0m [2mtt[0m[2m:[0m    🤖 Running auggie...
[2m2026-03-09T03:05:10.060829Z[0m [32m INFO[0m [2mtt[0m[2m:[0m    ✅ Round 1 complete
[2m2026-03-09T03:05:10.064591Z[0m [32m INFO[0m [2mtt[0m[2m:[0m    📊 Rounds completed: 1
[2m2026-03-09T03:05:11.065820Z[0m [32m INFO[0m [2mtt[0m[2m:[0m 
📍 Round 2/20
[2m2026-03-09T03:05:11.068078Z[0m [32m INFO[0m [2mtt[0m[2m:[0m    📬 batched: 1 actionable, 1 informational, 0 confirmations
[2m2026-03-09T03:05:11.069844Z[0m [32m INFO[0m [2mtt[0m[2m:[0m    🤖 Running auggie...
[2m2026-03-09T03:19:06.298933Z[0m [32m INFO[0m [2mtt[0m[2m:[0m    ✅ Round 2 complete
[2m2026-03-09T03:19:06.487322Z[0m [32m INFO[0m [2mtt[0m[2m:[0m    📊 Rounds completed: 2
[2m2026-03-09T03:19:07.489221Z[0m [32m INFO[0m [2mtt[0m[2m:[0m 
📍 Round 3/20
[2m2026-03-09T03:19:07.490894Z[0m [32m INFO[0m [2mtt[0m[2m:[0m    📭 Inbox empty, waiting...
[2m2026-03-09T03:19:12.492553Z[0m [32m INFO[0m [2mtt[0m[2m:[0m 
📍 Round 3/20
[2m2026-03-09T03:19:12.494730Z[0m [32m INFO[0m [2mtt[0m[2m:[0m    📭 Inbox empty, waiting...
[2m2026-03-09T03:19:17.498215Z[0m [32m INFO[0m [2mtt[0m[2m:[0m 
📍 Round 3/20
[2m2026-03-09T03:19:17.635561Z[0m [32m INFO[0m [2mtt[0m[2m:[0m    📭 Inbox empty, waiting...
[2m2026-03-09T03:19:22.637223Z[0m [32m INFO[0m [2mtt[0m[2m:[0m 
📍 Round 3/20
[2m2026-03-09T03:19:22.970835Z[0m [32m INFO[0m [2mtt[0m[2m:[0m    📭 Inbox empty, waiting...
[2m2026-03-09T03:19:27.974276Z[0m [32m INFO[0m [2mtt[0m[2m:[0m 
📍 Round 3/20
[2m2026-03-09T03:19:27.989927Z[0m [32m INFO[0m [2mtt[0m[2m:[0m    📭 Inbox empty, waiting...
[2m2026-03-09T03:19:32.991982Z[0m [32m INFO[0m [2mtt[0m[2m:[0m 
📍 Round 3/20
[2m2026-03-09T03:19:33.005728Z[0m [32m INFO[0m [2mtt[0m[2m:[0m    📭 Inbox empty, waiting...
[2m2026-03-09T03:19:38.015560Z[0m [32m INFO[0m [2mtt[0m[2m:[0m 
📍 Round 3/20
[2m2026-03-09T03:19:38.340459Z[0m [32m INFO[0m [2mtt[0m[2m:[0m    📭 Inbox empty, waiting...
[2m2026-03-09T03:19:43.343330Z[0m [32m INFO[0m [2mtt[0m[2m:[0m 
📍 Round 3/20
[2m2026-03-09T03:19:43.598043Z[0m [32m INFO[0m [2mtt[0m[2m:[0m    📭 Inbox empty, waiting...
[2m2026-03-09T03:19:48.603299Z[0m [32m INFO[0m [2mtt[0m[2m:[0m 
📍 Round 3/20
[2m2026-03-09T03:19:48.714781Z[0m [32m INFO[0m [2mtt[0m[2m:[0m    📬 batched: 1 actionable, 0 informational, 0 confirmations
[2m2026-03-09T03:19:48.716612Z[0m [32m INFO[0m [2mtt[0m[2m:[0m    🤖 Running auggie...
