[2m2026-03-09T02:46:40.213553Z[0m [32m INFO[0m [2mtinytown::town[0m[2m:[0m Redis version 8.6 detected ✓
[2m2026-03-09T02:46:40.215091Z[0m [32m INFO[0m [2mtt[0m[2m:[0m 🔄 Agent 'reviewer' starting loop (max 30 rounds)
[2m2026-03-09T02:46:40.215110Z[0m [32m INFO[0m [2mtt[0m[2m:[0m    CLI: auggie (auggie --print)
[2m2026-03-09T02:46:40.215120Z[0m [32m INFO[0m [2mtt[0m[2m:[0m 
📍 Round 1/30
[2m2026-03-09T02:46:40.216539Z[0m [32m INFO[0m [2mtt[0m[2m:[0m    📭 Inbox empty, waiting...
[2m2026-03-09T02:46:45.218784Z[0m [32m INFO[0m [2mtt[0m[2m:[0m 
📍 Round 1/30
[2m2026-03-09T02:46:45.224987Z[0m [32m INFO[0m [2mtt[0m[2m:[0m    📭 Inbox empty, waiting...
[2m2026-03-09T02:46:50.229615Z[0m [32m INFO[0m [2mtt[0m[2m:[0m 
📍 Round 1/30
[2m2026-03-09T02:46:50.232695Z[0m [32m INFO[0m [2mtt[0m[2m:[0m    📭 Inbox empty, waiting...
[2m2026-03-09T02:46:55.236229Z[0m [32m INFO[0m [2mtt[0m[2m:[0m 
📍 Round 1/30
[2m2026-03-09T02:46:55.240631Z[0m [32m INFO[0m [2mtt[0m[2m:[0m    📭 Inbox empty, waiting...
[2m2026-03-09T02:47:00.243811Z[0m [32m INFO[0m [2mtt[0m[2m:[0m 
📍 Round 1/30
[2m2026-03-09T02:47:00.247802Z[0m [32m INFO[0m [2mtt[0m[2m:[0m    📭 Inbox empty, waiting...
[2m2026-03-09T02:47:05.251557Z[0m [32m INFO[0m [2mtt[0m[2m:[0m 
📍 Round 1/30
[2m2026-03-09T02:47:05.257559Z[0m [32m INFO[0m [2mtt[0m[2m:[0m    📭 Inbox empty, waiting...
[2m2026-03-09T02:47:10.268586Z[0m [32m INFO[0m [2mtt[0m[2m:[0m 
📍 Round 1/30
[2m2026-03-09T02:47:10.271284Z[0m [32m INFO[0m [2mtt[0m[2m:[0m    📬 batched: 1 actionable, 0 informational, 0 confirmations
[2m2026-03-09T02:47:10.274006Z[0m [32m INFO[0m [2mtt[0m[2m:[0m    🤖 Running auggie...
[2m2026-03-09T02:47:52.480324Z[0m [32m INFO[0m [2mtt[0m[2m:[0m    ✅ Round 1 complete
[2m2026-03-09T02:47:52.485537Z[0m [32m INFO[0m [2mtt[0m[2m:[0m    📊 Rounds completed: 1
[2m2026-03-09T02:47:53.489332Z[0m [32m INFO[0m [2mtt[0m[2m:[0m 
📍 Round 2/30
[2m2026-03-09T02:47:53.496209Z[0m [32m INFO[0m [2mtt[0m[2m:[0m    📬 batched: 1 actionable, 1 informational, 0 confirmations
[2m2026-03-09T02:47:53.499772Z[0m [32m INFO[0m [2mtt[0m[2m:[0m    🤖 Running auggie...
[2m2026-03-09T02:48:24.151976Z[0m [32m INFO[0m [2mtt[0m[2m:[0m    ✅ Round 2 complete
[2m2026-03-09T02:48:24.155574Z[0m [32m INFO[0m [2mtt[0m[2m:[0m    📊 Rounds completed: 2
[2m2026-03-09T02:48:25.157549Z[0m [32m INFO[0m [2mtt[0m[2m:[0m 
📍 Round 3/30
[2m2026-03-09T02:48:25.165723Z[0m [32m INFO[0m [2mtt[0m[2m:[0m    📭 Inbox empty, waiting...
[2m2026-03-09T02:48:30.169796Z[0m [32m INFO[0m [2mtt[0m[2m:[0m 
📍 Round 3/30
[2m2026-03-09T02:48:30.171434Z[0m [32m INFO[0m [2mtt[0m[2m:[0m    📭 Inbox empty, waiting...
[2m2026-03-09T02:48:35.175004Z[0m [32m INFO[0m [2mtt[0m[2m:[0m 
📍 Round 3/30
[2m2026-03-09T02:48:35.179179Z[0m [32m INFO[0m [2mtt[0m[2m:[0m    📭 Inbox empty, waiting...
[2m2026-03-09T02:48:40.183246Z[0m [32m INFO[0m [2mtt[0m[2m:[0m 
📍 Round 3/30
[2m2026-03-09T02:48:40.187662Z[0m [32m INFO[0m [2mtt[0m[2m:[0m    📭 Inbox empty, waiting...
[2m2026-03-09T02:48:45.192157Z[0m [32m INFO[0m [2mtt[0m[2m:[0m 
📍 Round 3/30
[2m2026-03-09T02:48:45.197723Z[0m [32m INFO[0m [2mtt[0m[2m:[0m    📭 Inbox empty, waiting...
[2m2026-03-09T02:48:50.201784Z[0m [32m INFO[0m [2mtt[0m[2m:[0m 
📍 Round 3/30
[2m2026-03-09T02:48:50.206127Z[0m [32m INFO[0m [2mtt[0m[2m:[0m    📭 Inbox empty, waiting...
[2m2026-03-09T02:48:55.210371Z[0m [32m INFO[0m [2mtt[0m[2m:[0m 
📍 Round 3/30
[2m2026-03-09T02:48:55.214209Z[0m [32m INFO[0m [2mtt[0m[2m:[0m    📭 Inbox empty, waiting...
[2m2026-03-09T02:49:00.217643Z[0m [32m INFO[0m [2mtt[0m[2m:[0m 
📍 Round 3/30
[2m2026-03-09T02:49:00.221936Z[0m [32m INFO[0m [2mtt[0m[2m:[0m    📭 Inbox empty, waiting...
[2m2026-03-09T02:49:05.226711Z[0m [32m INFO[0m [2mtt[0m[2m:[0m 
📍 Round 3/30
[2m2026-03-09T02:49:05.233146Z[0m [32m INFO[0m [2mtt[0m[2m:[0m    📭 Inbox empty, waiting...
[2m2026-03-09T02:49:10.240723Z[0m [32m INFO[0m [2mtt[0m[2m:[0m 
📍 Round 3/30
[2m2026-03-09T02:49:10.245537Z[0m [32m INFO[0m [2mtt[0m[2m:[0m    📭 Inbox empty, waiting...
[2m2026-03-09T02:49:15.248915Z[0m [32m INFO[0m [2mtt[0m[2m:[0m 
📍 Round 3/30
[2m2026-03-09T02:49:15.256009Z[0m [32m INFO[0m [2mtt[0m[2m:[0m    📭 Inbox empty, waiting...
[2m2026-03-09T02:49:20.260849Z[0m [32m INFO[0m [2mtt[0m[2m:[0m 
📍 Round 3/30
[2m2026-03-09T02:49:20.266634Z[0m [32m INFO[0m [2mtt[0m[2m:[0m    📭 Inbox empty, waiting...
[2m2026-03-09T02:49:25.271913Z[0m [32m INFO[0m [2mtt[0m[2m:[0m 
📍 Round 3/30
[2m2026-03-09T02:49:25.277117Z[0m [32m INFO[0m [2mtt[0m[2m:[0m    📭 Inbox empty, waiting...
[2m2026-03-09T02:49:30.279922Z[0m [32m INFO[0m [2mtt[0m[2m:[0m 
📍 Round 3/30
[2m2026-03-09T02:49:30.282946Z[0m [32m INFO[0m [2mtt[0m[2m:[0m    📭 Inbox empty, waiting...
[2m2026-03-09T02:49:35.286292Z[0m [32m INFO[0m [2mtt[0m[2m:[0m 
📍 Round 3/30
[2m2026-03-09T02:49:35.292072Z[0m [32m INFO[0m [2mtt[0m[2m:[0m    📭 Inbox empty, waiting...
[2m2026-03-09T02:49:40.296550Z[0m [32m INFO[0m [2mtt[0m[2m:[0m 
📍 Round 3/30
[2m2026-03-09T02:49:40.300219Z[0m [32m INFO[0m [2mtt[0m[2m:[0m    📭 Inbox empty, waiting...
[2m2026-03-09T02:49:45.305054Z[0m [32m INFO[0m [2mtt[0m[2m:[0m 
📍 Round 3/30
[2m2026-03-09T02:49:45.310620Z[0m [32m INFO[0m [2mtt[0m[2m:[0m    📭 Inbox empty, waiting...
[2m2026-03-09T02:49:50.315455Z[0m [32m INFO[0m [2mtt[0m[2m:[0m 
📍 Round 3/30
[2m2026-03-09T02:49:50.321186Z[0m [32m INFO[0m [2mtt[0m[2m:[0m    📭 Inbox empty, waiting...
[2m2026-03-09T02:49:55.326062Z[0m [32m INFO[0m [2mtt[0m[2m:[0m 
📍 Round 3/30
[2m2026-03-09T02:49:55.332587Z[0m [32m INFO[0m [2mtt[0m[2m:[0m    📭 Inbox empty, waiting...
[2m2026-03-09T02:50:00.336705Z[0m [32m INFO[0m [2mtt[0m[2m:[0m 
📍 Round 3/30
[2m2026-03-09T02:50:00.342504Z[0m [32m INFO[0m [2mtt[0m[2m:[0m    📭 Inbox empty, waiting...
[2m2026-03-09T02:50:05.348283Z[0m [32m INFO[0m [2mtt[0m[2m:[0m 
📍 Round 3/30
[2m2026-03-09T02:50:05.355450Z[0m [32m INFO[0m [2mtt[0m[2m:[0m    📭 Inbox empty, waiting...
[2m2026-03-09T02:50:10.363123Z[0m [32m INFO[0m [2mtt[0m[2m:[0m 
📍 Round 3/30
[2m2026-03-09T02:50:10.378246Z[0m [32m INFO[0m [2mtt[0m[2m:[0m    📭 Inbox empty, waiting...
[2m2026-03-09T02:50:15.383770Z[0m [32m INFO[0m [2mtt[0m[2m:[0m 
📍 Round 3/30
[2m2026-03-09T02:50:15.386598Z[0m [32m INFO[0m [2mtt[0m[2m:[0m    📭 Inbox empty, waiting...
[2m2026-03-09T02:50:20.390254Z[0m [32m INFO[0m [2mtt[0m[2m:[0m 
📍 Round 3/30
[2m2026-03-09T02:50:20.392462Z[0m [32m INFO[0m [2mtt[0m[2m:[0m    📭 Inbox empty, waiting...
[2m2026-03-09T02:50:25.394878Z[0m [32m INFO[0m [2mtt[0m[2m:[0m 
📍 Round 3/30
[2m2026-03-09T02:50:25.403128Z[0m [32m INFO[0m [2mtt[0m[2m:[0m    📭 Inbox empty, waiting...
[2m2026-03-09T02:50:30.408389Z[0m [32m INFO[0m [2mtt[0m[2m:[0m 
📍 Round 3/30
[2m2026-03-09T02:50:30.415171Z[0m [32m INFO[0m [2mtt[0m[2m:[0m    📭 Inbox empty, waiting...
[2m2026-03-09T02:50:35.420593Z[0m [32m INFO[0m [2mtt[0m[2m:[0m 
📍 Round 3/30
[2m2026-03-09T02:50:35.425380Z[0m [32m INFO[0m [2mtt[0m[2m:[0m    📭 Inbox empty, waiting...
[2m2026-03-09T02:50:40.429283Z[0m [32m INFO[0m [2mtt[0m[2m:[0m 
📍 Round 3/30
[2m2026-03-09T02:50:40.431863Z[0m [32m INFO[0m [2mtt[0m[2m:[0m    📭 Inbox empty, waiting...
[2m2026-03-09T02:50:45.435332Z[0m [32m INFO[0m [2mtt[0m[2m:[0m 
📍 Round 3/30
[2m2026-03-09T02:50:45.442098Z[0m [32m INFO[0m [2mtt[0m[2m:[0m    📭 Inbox empty, waiting...
[2m2026-03-09T02:50:50.446806Z[0m [32m INFO[0m [2mtt[0m[2m:[0m 
📍 Round 3/30
[2m2026-03-09T02:50:50.455039Z[0m [32m INFO[0m [2mtt[0m[2m:[0m    📭 Inbox empty, waiting...
[2m2026-03-09T02:50:55.462511Z[0m [32m INFO[0m [2mtt[0m[2m:[0m 
📍 Round 3/30
[2m2026-03-09T02:50:55.467829Z[0m [32m INFO[0m [2mtt[0m[2m:[0m    📭 Inbox empty, waiting...
[2m2026-03-09T02:51:00.471631Z[0m [32m INFO[0m [2mtt[0m[2m:[0m 
📍 Round 3/30
[2m2026-03-09T02:51:00.476690Z[0m [32m INFO[0m [2mtt[0m[2m:[0m    📭 Inbox empty, waiting...
[2m2026-03-09T02:51:05.480676Z[0m [32m INFO[0m [2mtt[0m[2m:[0m 
📍 Round 3/30
[2m2026-03-09T02:51:05.486306Z[0m [32m INFO[0m [2mtt[0m[2m:[0m    📭 Inbox empty, waiting...
[2m2026-03-09T02:51:10.490663Z[0m [32m INFO[0m [2mtt[0m[2m:[0m 
📍 Round 3/30
[2m2026-03-09T02:51:10.496097Z[0m [32m INFO[0m [2mtt[0m[2m:[0m    📭 Inbox empty, waiting...
[2m2026-03-09T02:51:15.522166Z[0m [32m INFO[0m [2mtt[0m[2m:[0m 
📍 Round 3/30
[2m2026-03-09T02:51:15.525287Z[0m [32m INFO[0m [2mtt[0m[2m:[0m    📭 Inbox empty, waiting...
[2m2026-03-09T02:51:20.529431Z[0m [32m INFO[0m [2mtt[0m[2m:[0m 
📍 Round 3/30
[2m2026-03-09T02:51:20.531007Z[0m [32m INFO[0m [2mtt[0m[2m:[0m    📭 Inbox empty, waiting...
[2m2026-03-09T02:51:25.533809Z[0m [32m INFO[0m [2mtt[0m[2m:[0m 
📍 Round 3/30
[2m2026-03-09T02:51:25.535221Z[0m [32m INFO[0m [2mtt[0m[2m:[0m    📭 Inbox empty, waiting...
[2m2026-03-09T02:51:30.536870Z[0m [32m INFO[0m [2mtt[0m[2m:[0m 
📍 Round 3/30
[2m2026-03-09T02:51:30.539174Z[0m [32m INFO[0m [2mtt[0m[2m:[0m    📭 Inbox empty, waiting...
[2m2026-03-09T02:51:35.542355Z[0m [32m INFO[0m [2mtt[0m[2m:[0m 
📍 Round 3/30
[2m2026-03-09T02:51:35.545554Z[0m [32m INFO[0m [2mtt[0m[2m:[0m    📭 Inbox empty, waiting...
[2m2026-03-09T02:51:40.549748Z[0m [32m INFO[0m [2mtt[0m[2m:[0m 
📍 Round 3/30
[2m2026-03-09T02:51:40.553478Z[0m [32m INFO[0m [2mtt[0m[2m:[0m    📭 Inbox empty, waiting...
[2m2026-03-09T02:51:45.557178Z[0m [32m INFO[0m [2mtt[0m[2m:[0m 
📍 Round 3/30
[2m2026-03-09T02:51:45.561450Z[0m [32m INFO[0m [2mtt[0m[2m:[0m    📭 Inbox empty, waiting...
[2m2026-03-09T02:51:50.565678Z[0m [32m INFO[0m [2mtt[0m[2m:[0m 
📍 Round 3/30
[2m2026-03-09T02:51:50.568073Z[0m [32m INFO[0m [2mtt[0m[2m:[0m    📭 Inbox empty, waiting...
[2m2026-03-09T02:51:55.570785Z[0m [32m INFO[0m [2mtt[0m[2m:[0m 
📍 Round 3/30
[2m2026-03-09T02:51:55.591524Z[0m [32m INFO[0m [2mtt[0m[2m:[0m    📭 Inbox empty, waiting...
[2m2026-03-09T02:52:00.609321Z[0m [32m INFO[0m [2mtt[0m[2m:[0m 
📍 Round 3/30
[2m2026-03-09T02:52:00.624516Z[0m [32m INFO[0m [2mtt[0m[2m:[0m    📭 Inbox empty, waiting...
[2m2026-03-09T02:52:05.632913Z[0m [32m INFO[0m [2mtt[0m[2m:[0m 
📍 Round 3/30
[2m2026-03-09T02:52:05.635942Z[0m [32m INFO[0m [2mtt[0m[2m:[0m    📭 Inbox empty, waiting...
[2m2026-03-09T02:52:10.639986Z[0m [32m INFO[0m [2mtt[0m[2m:[0m 
📍 Round 3/30
[2m2026-03-09T02:52:10.642740Z[0m [32m INFO[0m [2mtt[0m[2m:[0m    📭 Inbox empty, waiting...
[2m2026-03-09T02:52:15.645854Z[0m [32m INFO[0m [2mtt[0m[2m:[0m 
📍 Round 3/30
[2m2026-03-09T02:52:15.647851Z[0m [32m INFO[0m [2mtt[0m[2m:[0m    📭 Inbox empty, waiting...
[2m2026-03-09T02:52:20.650944Z[0m [32m INFO[0m [2mtt[0m[2m:[0m 
📍 Round 3/30
[2m2026-03-09T02:52:20.655753Z[0m [32m INFO[0m [2mtt[0m[2m:[0m    📭 Inbox empty, waiting...
[2m2026-03-09T02:52:25.660979Z[0m [32m INFO[0m [2mtt[0m[2m:[0m 
📍 Round 3/30
[2m2026-03-09T02:52:25.665317Z[0m [32m INFO[0m [2mtt[0m[2m:[0m    📭 Inbox empty, waiting...
[2m2026-03-09T02:52:30.669514Z[0m [32m INFO[0m [2mtt[0m[2m:[0m 
📍 Round 3/30
[2m2026-03-09T02:52:30.675686Z[0m [32m INFO[0m [2mtt[0m[2m:[0m    📭 Inbox empty, waiting...
[2m2026-03-09T02:52:35.681177Z[0m [32m INFO[0m [2mtt[0m[2m:[0m 
📍 Round 3/30
[2m2026-03-09T02:52:35.686817Z[0m [32m INFO[0m [2mtt[0m[2m:[0m    📭 Inbox empty, waiting...
[2m2026-03-09T02:52:40.690324Z[0m [32m INFO[0m [2mtt[0m[2m:[0m 
📍 Round 3/30
[2m2026-03-09T02:52:40.700410Z[0m [32m INFO[0m [2mtt[0m[2m:[0m    📭 Inbox empty, waiting...
[2m2026-03-09T02:52:45.706101Z[0m [32m INFO[0m [2mtt[0m[2m:[0m 
📍 Round 3/30
[2m2026-03-09T02:52:45.713374Z[0m [32m INFO[0m [2mtt[0m[2m:[0m    📭 Inbox empty, waiting...
[2m2026-03-09T02:52:50.718128Z[0m [32m INFO[0m [2mtt[0m[2m:[0m 
📍 Round 3/30
[2m2026-03-09T02:52:50.723929Z[0m [32m INFO[0m [2mtt[0m[2m:[0m    📭 Inbox empty, waiting...
[2m2026-03-09T02:52:55.727436Z[0m [32m INFO[0m [2mtt[0m[2m:[0m 
📍 Round 3/30
[2m2026-03-09T02:52:55.735919Z[0m [32m INFO[0m [2mtt[0m[2m:[0m    📭 Inbox empty, waiting...
[2m2026-03-09T02:53:00.740689Z[0m [32m INFO[0m [2mtt[0m[2m:[0m 
📍 Round 3/30
[2m2026-03-09T02:53:00.746295Z[0m [32m INFO[0m [2mtt[0m[2m:[0m    📭 Inbox empty, waiting...
[2m2026-03-09T02:53:05.750457Z[0m [32m INFO[0m [2mtt[0m[2m:[0m 
📍 Round 3/30
[2m2026-03-09T02:53:05.753463Z[0m [32m INFO[0m [2mtt[0m[2m:[0m    📭 Inbox empty, waiting...
[2m2026-03-09T02:53:10.756956Z[0m [32m INFO[0m [2mtt[0m[2m:[0m 
📍 Round 3/30
[2m2026-03-09T02:53:10.759549Z[0m [32m INFO[0m [2mtt[0m[2m:[0m    📭 Inbox empty, waiting...
[2m2026-03-09T02:53:15.762342Z[0m [32m INFO[0m [2mtt[0m[2m:[0m 
📍 Round 3/30
[2m2026-03-09T02:53:15.766718Z[0m [32m INFO[0m [2mtt[0m[2m:[0m    📋 Inbox empty, but backlog has 2 task(s); prompting backlog review
[2m2026-03-09T02:53:15.766746Z[0m [32m INFO[0m [2mtt[0m[2m:[0m    📬 batched: 1 actionable, 0 informational, 0 confirmations
[2m2026-03-09T02:53:15.772147Z[0m [32m INFO[0m [2mtt[0m[2m:[0m    🤖 Running auggie...
[2m2026-03-09T02:53:49.253260Z[0m [32m INFO[0m [2mtt[0m[2m:[0m    ✅ Round 3 complete
[2m2026-03-09T02:53:49.256149Z[0m [32m INFO[0m [2mtt[0m[2m:[0m    📊 Rounds completed: 3
[2m2026-03-09T02:53:50.258267Z[0m [32m INFO[0m [2mtt[0m[2m:[0m 
📍 Round 4/30
[2m2026-03-09T02:53:50.263599Z[0m [32m INFO[0m [2mtt[0m[2m:[0m    📋 Inbox empty, but backlog has 2 task(s); prompting backlog review
[2m2026-03-09T02:53:50.263739Z[0m [32m INFO[0m [2mtt[0m[2m:[0m    📬 batched: 1 actionable, 0 informational, 0 confirmations
[2m2026-03-09T02:53:50.272563Z[0m [32m INFO[0m [2mtt[0m[2m:[0m    🤖 Running auggie...
[2m2026-03-09T02:54:27.045621Z[0m [32m INFO[0m [2mtt[0m[2m:[0m    ✅ Round 4 complete
[2m2026-03-09T02:54:27.049375Z[0m [32m INFO[0m [2mtt[0m[2m:[0m    📊 Rounds completed: 4
[2m2026-03-09T02:54:28.051542Z[0m [32m INFO[0m [2mtt[0m[2m:[0m 
📍 Round 5/30
[2m2026-03-09T02:54:28.055251Z[0m [32m INFO[0m [2mtt[0m[2m:[0m    📬 batched: 0 actionable, 1 informational, 0 confirmations
[2m2026-03-09T02:54:28.056082Z[0m [32m INFO[0m [2mtt[0m[2m:[0m    📋 No direct actionable messages; backlog has 2 task(s), prompting claim review
[2m2026-03-09T02:54:28.059793Z[0m [32m INFO[0m [2mtt[0m[2m:[0m    🤖 Running auggie...
[2m2026-03-09T02:54:53.518393Z[0m [32m INFO[0m [2mtt[0m[2m:[0m    ✅ Round 5 complete
[2m2026-03-09T02:54:53.523152Z[0m [32m INFO[0m [2mtt[0m[2m:[0m    📊 Rounds completed: 5
[2m2026-03-09T02:54:54.524505Z[0m [32m INFO[0m [2mtt[0m[2m:[0m 
📍 Round 6/30
[2m2026-03-09T02:54:54.526546Z[0m [32m INFO[0m [2mtt[0m[2m:[0m    📋 Inbox empty, but backlog has 2 task(s); prompting backlog review
[2m2026-03-09T02:54:54.526574Z[0m [32m INFO[0m [2mtt[0m[2m:[0m    📬 batched: 1 actionable, 0 informational, 0 confirmations
[2m2026-03-09T02:54:54.529054Z[0m [32m INFO[0m [2mtt[0m[2m:[0m    🤖 Running auggie...
[2m2026-03-09T02:55:30.025539Z[0m [32m INFO[0m [2mtt[0m[2m:[0m    ✅ Round 6 complete
[2m2026-03-09T02:55:30.029528Z[0m [32m INFO[0m [2mtt[0m[2m:[0m    📊 Rounds completed: 6
[2m2026-03-09T02:55:31.031742Z[0m [32m INFO[0m [2mtt[0m[2m:[0m 
📍 Round 7/30
[2m2026-03-09T02:55:31.035986Z[0m [32m INFO[0m [2mtt[0m[2m:[0m    📋 Inbox empty, but backlog has 2 task(s); prompting backlog review
[2m2026-03-09T02:55:31.036150Z[0m [32m INFO[0m [2mtt[0m[2m:[0m    📬 batched: 1 actionable, 0 informational, 0 confirmations
[2m2026-03-09T02:55:31.040856Z[0m [32m INFO[0m [2mtt[0m[2m:[0m    🤖 Running auggie...
[2m2026-03-09T02:56:01.556121Z[0m [32m INFO[0m [2mtt[0m[2m:[0m    ✅ Round 7 complete
[2m2026-03-09T02:56:01.559205Z[0m [32m INFO[0m [2mtt[0m[2m:[0m    📊 Rounds completed: 7
[2m2026-03-09T02:56:02.561272Z[0m [32m INFO[0m [2mtt[0m[2m:[0m 
📍 Round 8/30
[2m2026-03-09T02:56:02.564566Z[0m [32m INFO[0m [2mtt[0m[2m:[0m    📭 Inbox empty, waiting...
[2m2026-03-09T02:56:07.568245Z[0m [32m INFO[0m [2mtt[0m[2m:[0m 
📍 Round 8/30
[2m2026-03-09T02:56:07.572491Z[0m [32m INFO[0m [2mtt[0m[2m:[0m    📭 Inbox empty, waiting...
[2m2026-03-09T02:56:12.575757Z[0m [32m INFO[0m [2mtt[0m[2m:[0m 
📍 Round 8/30
[2m2026-03-09T02:56:12.577596Z[0m [32m INFO[0m [2mtt[0m[2m:[0m    📭 Inbox empty, waiting...
[2m2026-03-09T02:56:17.579729Z[0m [32m INFO[0m [2mtt[0m[2m:[0m 
📍 Round 8/30
[2m2026-03-09T02:56:17.584056Z[0m [32m INFO[0m [2mtt[0m[2m:[0m    📭 Inbox empty, waiting...
[2m2026-03-09T02:56:22.587129Z[0m [32m INFO[0m [2mtt[0m[2m:[0m 
📍 Round 8/30
[2m2026-03-09T02:56:22.589179Z[0m [32m INFO[0m [2mtt[0m[2m:[0m    📭 Inbox empty, waiting...
[2m2026-03-09T02:56:27.592579Z[0m [32m INFO[0m [2mtt[0m[2m:[0m 
📍 Round 8/30
[2m2026-03-09T02:56:27.596275Z[0m [32m INFO[0m [2mtt[0m[2m:[0m    📭 Inbox empty, waiting...
[2m2026-03-09T02:56:32.599730Z[0m [32m INFO[0m [2mtt[0m[2m:[0m 
📍 Round 8/30
[2m2026-03-09T02:56:32.604506Z[0m [32m INFO[0m [2mtt[0m[2m:[0m    📭 Inbox empty, waiting...
[2m2026-03-09T02:56:37.607950Z[0m [32m INFO[0m [2mtt[0m[2m:[0m 
📍 Round 8/30
[2m2026-03-09T02:56:37.620946Z[0m [32m INFO[0m [2mtt[0m[2m:[0m    📭 Inbox empty, waiting...
[2m2026-03-09T02:56:42.625723Z[0m [32m INFO[0m [2mtt[0m[2m:[0m 
📍 Round 8/30
[2m2026-03-09T02:56:42.629984Z[0m [32m INFO[0m [2mtt[0m[2m:[0m    📭 Inbox empty, waiting...
[2m2026-03-09T02:56:47.633430Z[0m [32m INFO[0m [2mtt[0m[2m:[0m 
📍 Round 8/30
[2m2026-03-09T02:56:47.637029Z[0m [32m INFO[0m [2mtt[0m[2m:[0m    📭 Inbox empty, waiting...
[2m2026-03-09T02:56:52.640606Z[0m [32m INFO[0m [2mtt[0m[2m:[0m 
📍 Round 8/30
[2m2026-03-09T02:56:52.646746Z[0m [32m INFO[0m [2mtt[0m[2m:[0m    📭 Inbox empty, waiting...
[2m2026-03-09T02:56:57.651658Z[0m [32m INFO[0m [2mtt[0m[2m:[0m 
📍 Round 8/30
[2m2026-03-09T02:56:57.656956Z[0m [32m INFO[0m [2mtt[0m[2m:[0m    📭 Inbox empty, waiting...
[2m2026-03-09T02:57:02.661720Z[0m [32m INFO[0m [2mtt[0m[2m:[0m 
📍 Round 8/30
[2m2026-03-09T02:57:02.666236Z[0m [32m INFO[0m [2mtt[0m[2m:[0m    📭 Inbox empty, waiting...
[2m2026-03-09T02:57:07.670656Z[0m [32m INFO[0m [2mtt[0m[2m:[0m 
📍 Round 8/30
[2m2026-03-09T02:57:07.674979Z[0m [32m INFO[0m [2mtt[0m[2m:[0m    📭 Inbox empty, waiting...
[2m2026-03-09T02:57:12.678784Z[0m [32m INFO[0m [2mtt[0m[2m:[0m 
📍 Round 8/30
[2m2026-03-09T02:57:12.684015Z[0m [32m INFO[0m [2mtt[0m[2m:[0m    📭 Inbox empty, waiting...
[2m2026-03-09T02:57:17.687399Z[0m [32m INFO[0m [2mtt[0m[2m:[0m 
📍 Round 8/30
[2m2026-03-09T02:57:17.692693Z[0m [32m INFO[0m [2mtt[0m[2m:[0m    📭 Inbox empty, waiting...
[2m2026-03-09T02:57:22.696800Z[0m [32m INFO[0m [2mtt[0m[2m:[0m 
📍 Round 8/30
[2m2026-03-09T02:57:22.703755Z[0m [32m INFO[0m [2mtt[0m[2m:[0m    📭 Inbox empty, waiting...
[2m2026-03-09T02:57:27.708374Z[0m [32m INFO[0m [2mtt[0m[2m:[0m 
📍 Round 8/30
[2m2026-03-09T02:57:27.712937Z[0m [32m INFO[0m [2mtt[0m[2m:[0m    📭 Inbox empty, waiting...
[2m2026-03-09T02:57:32.716928Z[0m [32m INFO[0m [2mtt[0m[2m:[0m 
📍 Round 8/30
[2m2026-03-09T02:57:32.721250Z[0m [32m INFO[0m [2mtt[0m[2m:[0m    📭 Inbox empty, waiting...
[2m2026-03-09T02:57:37.724541Z[0m [32m INFO[0m [2mtt[0m[2m:[0m 
📍 Round 8/30
[2m2026-03-09T02:57:37.733036Z[0m [32m INFO[0m [2mtt[0m[2m:[0m    📭 Inbox empty, waiting...
[2m2026-03-09T02:57:42.738464Z[0m [32m INFO[0m [2mtt[0m[2m:[0m 
📍 Round 8/30
[2m2026-03-09T02:57:42.745566Z[0m [32m INFO[0m [2mtt[0m[2m:[0m    📭 Inbox empty, waiting...
[2m2026-03-09T02:57:47.751068Z[0m [32m INFO[0m [2mtt[0m[2m:[0m 
📍 Round 8/30
[2m2026-03-09T02:57:47.757980Z[0m [32m INFO[0m [2mtt[0m[2m:[0m    📭 Inbox empty, waiting...
[2m2026-03-09T02:57:52.762694Z[0m [32m INFO[0m [2mtt[0m[2m:[0m 
📍 Round 8/30
[2m2026-03-09T02:57:52.769014Z[0m [32m INFO[0m [2mtt[0m[2m:[0m    📭 Inbox empty, waiting...
[2m2026-03-09T02:57:57.774198Z[0m [32m INFO[0m [2mtt[0m[2m:[0m 
📍 Round 8/30
[2m2026-03-09T02:57:57.780509Z[0m [32m INFO[0m [2mtt[0m[2m:[0m    📭 Inbox empty, waiting...
[2m2026-03-09T02:58:02.785965Z[0m [32m INFO[0m [2mtt[0m[2m:[0m 
📍 Round 8/30
[2m2026-03-09T02:58:02.793903Z[0m [32m INFO[0m [2mtt[0m[2m:[0m    📭 Inbox empty, waiting...
[2m2026-03-09T02:58:07.798130Z[0m [32m INFO[0m [2mtt[0m[2m:[0m 
📍 Round 8/30
[2m2026-03-09T02:58:07.802450Z[0m [32m INFO[0m [2mtt[0m[2m:[0m    📭 Inbox empty, waiting...
[2m2026-03-09T02:58:12.806736Z[0m [32m INFO[0m [2mtt[0m[2m:[0m 
📍 Round 8/30
[2m2026-03-09T02:58:12.812001Z[0m [32m INFO[0m [2mtt[0m[2m:[0m    📭 Inbox empty, waiting...
[2m2026-03-09T02:58:17.816299Z[0m [32m INFO[0m [2mtt[0m[2m:[0m 
📍 Round 8/30
[2m2026-03-09T02:58:17.822062Z[0m [32m INFO[0m [2mtt[0m[2m:[0m    📭 Inbox empty, waiting...
[2m2026-03-09T02:58:22.826279Z[0m [32m INFO[0m [2mtt[0m[2m:[0m 
📍 Round 8/30
[2m2026-03-09T02:58:22.830533Z[0m [32m INFO[0m [2mtt[0m[2m:[0m    📭 Inbox empty, waiting...
[2m2026-03-09T02:58:27.833887Z[0m [32m INFO[0m [2mtt[0m[2m:[0m 
📍 Round 8/30
[2m2026-03-09T02:58:27.839125Z[0m [32m INFO[0m [2mtt[0m[2m:[0m    📭 Inbox empty, waiting...
[2m2026-03-09T02:58:32.844418Z[0m [32m INFO[0m [2mtt[0m[2m:[0m 
📍 Round 8/30
[2m2026-03-09T02:58:32.851207Z[0m [32m INFO[0m [2mtt[0m[2m:[0m    📭 Inbox empty, waiting...
[2m2026-03-09T02:58:37.856371Z[0m [32m INFO[0m [2mtt[0m[2m:[0m 
📍 Round 8/30
[2m2026-03-09T02:58:37.862904Z[0m [32m INFO[0m [2mtt[0m[2m:[0m    📭 Inbox empty, waiting...
[2m2026-03-09T02:58:42.868421Z[0m [32m INFO[0m [2mtt[0m[2m:[0m 
📍 Round 8/30
[2m2026-03-09T02:58:42.872875Z[0m [32m INFO[0m [2mtt[0m[2m:[0m    📭 Inbox empty, waiting...
[2m2026-03-09T02:58:47.875011Z[0m [32m INFO[0m [2mtt[0m[2m:[0m 
📍 Round 8/30
[2m2026-03-09T02:58:47.882492Z[0m [32m INFO[0m [2mtt[0m[2m:[0m    📭 Inbox empty, waiting...
[2m2026-03-09T02:58:52.887410Z[0m [32m INFO[0m [2mtt[0m[2m:[0m 
📍 Round 8/30
[2m2026-03-09T02:58:52.893171Z[0m [32m INFO[0m [2mtt[0m[2m:[0m    📭 Inbox empty, waiting...
[2m2026-03-09T02:58:57.897495Z[0m [32m INFO[0m [2mtt[0m[2m:[0m 
📍 Round 8/30
[2m2026-03-09T02:58:57.902497Z[0m [32m INFO[0m [2mtt[0m[2m:[0m    📭 Inbox empty, waiting...
[2m2026-03-09T02:59:02.906663Z[0m [32m INFO[0m [2mtt[0m[2m:[0m 
📍 Round 8/30
[2m2026-03-09T02:59:02.910103Z[0m [32m INFO[0m [2mtt[0m[2m:[0m    📭 Inbox empty, waiting...
[2m2026-03-09T02:59:07.913248Z[0m [32m INFO[0m [2mtt[0m[2m:[0m 
📍 Round 8/30
[2m2026-03-09T02:59:07.917896Z[0m [32m INFO[0m [2mtt[0m[2m:[0m    📭 Inbox empty, waiting...
[2m2026-03-09T02:59:12.921562Z[0m [32m INFO[0m [2mtt[0m[2m:[0m 
📍 Round 8/30
[2m2026-03-09T02:59:12.927244Z[0m [32m INFO[0m [2mtt[0m[2m:[0m    📭 Inbox empty, waiting...
[2m2026-03-09T02:59:17.932500Z[0m [32m INFO[0m [2mtt[0m[2m:[0m 
📍 Round 8/30
[2m2026-03-09T02:59:17.934066Z[0m [32m INFO[0m [2mtt[0m[2m:[0m    📭 Inbox empty, waiting...
[2m2026-03-09T02:59:22.936214Z[0m [32m INFO[0m [2mtt[0m[2m:[0m 
📍 Round 8/30
[2m2026-03-09T02:59:22.943062Z[0m [32m INFO[0m [2mtt[0m[2m:[0m    📭 Inbox empty, waiting...
[2m2026-03-09T02:59:27.947462Z[0m [32m INFO[0m [2mtt[0m[2m:[0m 
📍 Round 8/30
[2m2026-03-09T02:59:27.949681Z[0m [32m INFO[0m [2mtt[0m[2m:[0m    📭 Inbox empty, waiting...
[2m2026-03-09T02:59:32.952228Z[0m [32m INFO[0m [2mtt[0m[2m:[0m 
📍 Round 8/30
[2m2026-03-09T02:59:32.955807Z[0m [32m INFO[0m [2mtt[0m[2m:[0m    📭 Inbox empty, waiting...
[2m2026-03-09T02:59:37.959750Z[0m [32m INFO[0m [2mtt[0m[2m:[0m 
📍 Round 8/30
[2m2026-03-09T02:59:37.965253Z[0m [32m INFO[0m [2mtt[0m[2m:[0m    📭 Inbox empty, waiting...
[2m2026-03-09T02:59:42.969739Z[0m [32m INFO[0m [2mtt[0m[2m:[0m 
📍 Round 8/30
[2m2026-03-09T02:59:42.972748Z[0m [32m INFO[0m [2mtt[0m[2m:[0m    📭 Inbox empty, waiting...
[2m2026-03-09T02:59:47.975793Z[0m [32m INFO[0m [2mtt[0m[2m:[0m 
📍 Round 8/30
[2m2026-03-09T02:59:47.977348Z[0m [32m INFO[0m [2mtt[0m[2m:[0m    📭 Inbox empty, waiting...
[2m2026-03-09T02:59:52.979813Z[0m [32m INFO[0m [2mtt[0m[2m:[0m 
📍 Round 8/30
[2m2026-03-09T02:59:52.983873Z[0m [32m INFO[0m [2mtt[0m[2m:[0m    📭 Inbox empty, waiting...
[2m2026-03-09T02:59:57.987467Z[0m [32m INFO[0m [2mtt[0m[2m:[0m 
📍 Round 8/30
[2m2026-03-09T02:59:57.990407Z[0m [32m INFO[0m [2mtt[0m[2m:[0m    📭 Inbox empty, waiting...
[2m2026-03-09T03:00:02.993042Z[0m [32m INFO[0m [2mtt[0m[2m:[0m 
📍 Round 8/30
[2m2026-03-09T03:00:02.997796Z[0m [32m INFO[0m [2mtt[0m[2m:[0m    📭 Inbox empty, waiting...
[2m2026-03-09T03:00:08.001120Z[0m [32m INFO[0m [2mtt[0m[2m:[0m 
📍 Round 8/30
[2m2026-03-09T03:00:08.006614Z[0m [32m INFO[0m [2mtt[0m[2m:[0m    📭 Inbox empty, waiting...
[2m2026-03-09T03:00:13.010474Z[0m [32m INFO[0m [2mtt[0m[2m:[0m 
📍 Round 8/30
[2m2026-03-09T03:00:13.020104Z[0m [32m INFO[0m [2mtt[0m[2m:[0m    📭 Inbox empty, waiting...
[2m2026-03-09T03:00:18.026634Z[0m [32m INFO[0m [2mtt[0m[2m:[0m 
📍 Round 8/30
[2m2026-03-09T03:00:18.031497Z[0m [32m INFO[0m [2mtt[0m[2m:[0m    📭 Inbox empty, waiting...
[2m2026-03-09T03:00:23.037073Z[0m [32m INFO[0m [2mtt[0m[2m:[0m 
📍 Round 8/30
[2m2026-03-09T03:00:23.040710Z[0m [32m INFO[0m [2mtt[0m[2m:[0m    📭 Inbox empty, waiting...
[2m2026-03-09T03:00:28.043360Z[0m [32m INFO[0m [2mtt[0m[2m:[0m 
📍 Round 8/30
[2m2026-03-09T03:00:28.048765Z[0m [32m INFO[0m [2mtt[0m[2m:[0m    📭 Inbox empty, waiting...
[2m2026-03-09T03:00:33.053679Z[0m [32m INFO[0m [2mtt[0m[2m:[0m 
📍 Round 8/30
[2m2026-03-09T03:00:33.058226Z[0m [32m INFO[0m [2mtt[0m[2m:[0m    📭 Inbox empty, waiting...
[2m2026-03-09T03:00:38.063519Z[0m [32m INFO[0m [2mtt[0m[2m:[0m 
📍 Round 8/30
[2m2026-03-09T03:00:38.064932Z[0m [32m INFO[0m [2mtt[0m[2m:[0m    📭 Inbox empty, waiting...
[2m2026-03-09T03:00:43.068895Z[0m [32m INFO[0m [2mtt[0m[2m:[0m 
📍 Round 8/30
[2m2026-03-09T03:00:43.074643Z[0m [32m INFO[0m [2mtt[0m[2m:[0m    📭 Inbox empty, waiting...
[2m2026-03-09T03:00:48.080075Z[0m [32m INFO[0m [2mtt[0m[2m:[0m 
📍 Round 8/30
[2m2026-03-09T03:00:48.089946Z[0m [32m INFO[0m [2mtt[0m[2m:[0m    📭 Inbox empty, waiting...
[2m2026-03-09T03:00:53.098426Z[0m [32m INFO[0m [2mtt[0m[2m:[0m 
📍 Round 8/30
[2m2026-03-09T03:00:53.103102Z[0m [32m INFO[0m [2mtt[0m[2m:[0m    📭 Inbox empty, waiting...
[2m2026-03-09T03:00:58.106935Z[0m [32m INFO[0m [2mtt[0m[2m:[0m 
📍 Round 8/30
[2m2026-03-09T03:00:58.113205Z[0m [32m INFO[0m [2mtt[0m[2m:[0m    📭 Inbox empty, waiting...
[2m2026-03-09T03:01:03.115747Z[0m [32m INFO[0m [2mtt[0m[2m:[0m 
📍 Round 8/30
[2m2026-03-09T03:01:03.118953Z[0m [32m INFO[0m [2mtt[0m[2m:[0m    📭 Inbox empty, waiting...
[2m2026-03-09T03:01:08.123332Z[0m [32m INFO[0m [2mtt[0m[2m:[0m 
📍 Round 8/30
[2m2026-03-09T03:01:08.130422Z[0m [32m INFO[0m [2mtt[0m[2m:[0m    📭 Inbox empty, waiting...
[2m2026-03-09T03:01:13.134406Z[0m [32m INFO[0m [2mtt[0m[2m:[0m 
📍 Round 8/30
[2m2026-03-09T03:01:13.139955Z[0m [32m INFO[0m [2mtt[0m[2m:[0m    📭 Inbox empty, waiting...
[2m2026-03-09T03:01:18.143455Z[0m [32m INFO[0m [2mtt[0m[2m:[0m 
📍 Round 8/30
[2m2026-03-09T03:01:18.149278Z[0m [32m INFO[0m [2mtt[0m[2m:[0m    📭 Inbox empty, waiting...
[2m2026-03-09T03:01:23.154293Z[0m [32m INFO[0m [2mtt[0m[2m:[0m 
📍 Round 8/30
[2m2026-03-09T03:01:23.157918Z[0m [32m INFO[0m [2mtt[0m[2m:[0m    📭 Inbox empty, waiting...
[2m2026-03-09T03:01:28.163433Z[0m [32m INFO[0m [2mtt[0m[2m:[0m 
📍 Round 8/30
[2m2026-03-09T03:01:28.169064Z[0m [32m INFO[0m [2mtt[0m[2m:[0m    📭 Inbox empty, waiting...
[2m2026-03-09T03:01:33.172432Z[0m [32m INFO[0m [2mtt[0m[2m:[0m 
📍 Round 8/30
[2m2026-03-09T03:01:33.177438Z[0m [32m INFO[0m [2mtt[0m[2m:[0m    📭 Inbox empty, waiting...
[2m2026-03-09T03:01:38.182934Z[0m [32m INFO[0m [2mtt[0m[2m:[0m 
📍 Round 8/30
[2m2026-03-09T03:01:38.186186Z[0m [32m INFO[0m [2mtt[0m[2m:[0m    📭 Inbox empty, waiting...
[2m2026-03-09T03:01:43.191566Z[0m [32m INFO[0m [2mtt[0m[2m:[0m 
📍 Round 8/30
[2m2026-03-09T03:01:43.198326Z[0m [32m INFO[0m [2mtt[0m[2m:[0m    📭 Inbox empty, waiting...
[2m2026-03-09T03:01:48.204693Z[0m [32m INFO[0m [2mtt[0m[2m:[0m 
📍 Round 8/30
[2m2026-03-09T03:01:48.206420Z[0m [32m INFO[0m [2mtt[0m[2m:[0m    📭 Inbox empty, waiting...
[2m2026-03-09T03:01:53.209199Z[0m [32m INFO[0m [2mtt[0m[2m:[0m 
📍 Round 8/30
[2m2026-03-09T03:01:53.215249Z[0m [32m INFO[0m [2mtt[0m[2m:[0m    📭 Inbox empty, waiting...
[2m2026-03-09T03:01:58.220757Z[0m [32m INFO[0m [2mtt[0m[2m:[0m 
📍 Round 8/30
[2m2026-03-09T03:01:58.228333Z[0m [32m INFO[0m [2mtt[0m[2m:[0m    📭 Inbox empty, waiting...
[2m2026-03-09T03:02:03.231823Z[0m [32m INFO[0m [2mtt[0m[2m:[0m 
📍 Round 8/30
[2m2026-03-09T03:02:03.237353Z[0m [32m INFO[0m [2mtt[0m[2m:[0m    📭 Inbox empty, waiting...
[2m2026-03-09T03:02:08.240818Z[0m [32m INFO[0m [2mtt[0m[2m:[0m 
📍 Round 8/30
[2m2026-03-09T03:02:08.247517Z[0m [32m INFO[0m [2mtt[0m[2m:[0m    📭 Inbox empty, waiting...
[2m2026-03-09T03:02:13.252842Z[0m [32m INFO[0m [2mtt[0m[2m:[0m 
📍 Round 8/30
[2m2026-03-09T03:02:13.258696Z[0m [32m INFO[0m [2mtt[0m[2m:[0m    📭 Inbox empty, waiting...
[2m2026-03-09T03:02:18.262330Z[0m [32m INFO[0m [2mtt[0m[2m:[0m 
📍 Round 8/30
[2m2026-03-09T03:02:18.267850Z[0m [32m INFO[0m [2mtt[0m[2m:[0m    📭 Inbox empty, waiting...
[2m2026-03-09T03:02:23.272800Z[0m [32m INFO[0m [2mtt[0m[2m:[0m 
📍 Round 8/30
[2m2026-03-09T03:02:23.277211Z[0m [32m INFO[0m [2mtt[0m[2m:[0m    📭 Inbox empty, waiting...
[2m2026-03-09T03:02:28.281343Z[0m [32m INFO[0m [2mtt[0m[2m:[0m 
📍 Round 8/30
[2m2026-03-09T03:02:28.289113Z[0m [32m INFO[0m [2mtt[0m[2m:[0m    📭 Inbox empty, waiting...
[2m2026-03-09T03:02:33.294104Z[0m [32m INFO[0m [2mtt[0m[2m:[0m 
📍 Round 8/30
[2m2026-03-09T03:02:33.297785Z[0m [32m INFO[0m [2mtt[0m[2m:[0m    📭 Inbox empty, waiting...
[2m2026-03-09T03:02:38.301838Z[0m [32m INFO[0m [2mtt[0m[2m:[0m 
📍 Round 8/30
[2m2026-03-09T03:02:38.308573Z[0m [32m INFO[0m [2mtt[0m[2m:[0m    📭 Inbox empty, waiting...
[2m2026-03-09T03:02:43.311681Z[0m [32m INFO[0m [2mtt[0m[2m:[0m 
📍 Round 8/30
[2m2026-03-09T03:02:43.314893Z[0m [32m INFO[0m [2mtt[0m[2m:[0m    📭 Inbox empty, waiting...
[2m2026-03-09T03:02:48.318550Z[0m [32m INFO[0m [2mtt[0m[2m:[0m 
📍 Round 8/30
[2m2026-03-09T03:02:48.326177Z[0m [32m INFO[0m [2mtt[0m[2m:[0m    📭 Inbox empty, waiting...
[2m2026-03-09T03:02:53.331485Z[0m [32m INFO[0m [2mtt[0m[2m:[0m 
📍 Round 8/30
[2m2026-03-09T03:02:53.335596Z[0m [32m INFO[0m [2mtt[0m[2m:[0m    📭 Inbox empty, waiting...
[2m2026-03-09T03:02:58.339833Z[0m [32m INFO[0m [2mtt[0m[2m:[0m 
📍 Round 8/30
[2m2026-03-09T03:02:58.341936Z[0m [32m INFO[0m [2mtt[0m[2m:[0m    📭 Inbox empty, waiting...
[2m2026-03-09T03:03:03.346018Z[0m [32m INFO[0m [2mtt[0m[2m:[0m 
📍 Round 8/30
[2m2026-03-09T03:03:03.348600Z[0m [32m INFO[0m [2mtt[0m[2m:[0m    📭 Inbox empty, waiting...
[2m2026-03-09T03:03:08.352598Z[0m [32m INFO[0m [2mtt[0m[2m:[0m 
📍 Round 8/30
[2m2026-03-09T03:03:08.356429Z[0m [32m INFO[0m [2mtt[0m[2m:[0m    📭 Inbox empty, waiting...
[2m2026-03-09T03:03:13.359315Z[0m [32m INFO[0m [2mtt[0m[2m:[0m 
📍 Round 8/30
[2m2026-03-09T03:03:13.365877Z[0m [32m INFO[0m [2mtt[0m[2m:[0m    📭 Inbox empty, waiting...
[2m2026-03-09T03:03:18.369750Z[0m [32m INFO[0m [2mtt[0m[2m:[0m 
📍 Round 8/30
[2m2026-03-09T03:03:18.372970Z[0m [32m INFO[0m [2mtt[0m[2m:[0m    📭 Inbox empty, waiting...
[2m2026-03-09T03:03:23.378121Z[0m [32m INFO[0m [2mtt[0m[2m:[0m 
📍 Round 8/30
[2m2026-03-09T03:03:23.381679Z[0m [32m INFO[0m [2mtt[0m[2m:[0m    📭 Inbox empty, waiting...
[2m2026-03-09T03:03:28.385390Z[0m [32m INFO[0m [2mtt[0m[2m:[0m 
📍 Round 8/30
[2m2026-03-09T03:03:28.389226Z[0m [32m INFO[0m [2mtt[0m[2m:[0m    📭 Inbox empty, waiting...
[2m2026-03-09T03:03:33.396293Z[0m [32m INFO[0m [2mtt[0m[2m:[0m 
📍 Round 8/30
[2m2026-03-09T03:03:33.404650Z[0m [32m INFO[0m [2mtt[0m[2m:[0m    📭 Inbox empty, waiting...
[2m2026-03-09T03:03:38.409746Z[0m [32m INFO[0m [2mtt[0m[2m:[0m 
📍 Round 8/30
[2m2026-03-09T03:03:38.413189Z[0m [32m INFO[0m [2mtt[0m[2m:[0m    📭 Inbox empty, waiting...
[2m2026-03-09T03:03:43.417189Z[0m [32m INFO[0m [2mtt[0m[2m:[0m 
📍 Round 8/30
[2m2026-03-09T03:03:43.422942Z[0m [32m INFO[0m [2mtt[0m[2m:[0m    📭 Inbox empty, waiting...
[2m2026-03-09T03:03:48.427310Z[0m [32m INFO[0m [2mtt[0m[2m:[0m 
📍 Round 8/30
[2m2026-03-09T03:03:48.430692Z[0m [32m INFO[0m [2mtt[0m[2m:[0m    📭 Inbox empty, waiting...
[2m2026-03-09T03:03:53.435337Z[0m [32m INFO[0m [2mtt[0m[2m:[0m 
📍 Round 8/30
[2m2026-03-09T03:03:53.438265Z[0m [32m INFO[0m [2mtt[0m[2m:[0m    📭 Inbox empty, waiting...
[2m2026-03-09T03:03:58.442279Z[0m [32m INFO[0m [2mtt[0m[2m:[0m 
📍 Round 8/30
[2m2026-03-09T03:03:58.446365Z[0m [32m INFO[0m [2mtt[0m[2m:[0m    📭 Inbox empty, waiting...
[2m2026-03-09T03:04:03.450762Z[0m [32m INFO[0m [2mtt[0m[2m:[0m 
📍 Round 8/30
[2m2026-03-09T03:04:03.453121Z[0m [32m INFO[0m [2mtt[0m[2m:[0m    📭 Inbox empty, waiting...
[2m2026-03-09T03:04:08.457193Z[0m [32m INFO[0m [2mtt[0m[2m:[0m 
📍 Round 8/30
[2m2026-03-09T03:04:08.461317Z[0m [32m INFO[0m [2mtt[0m[2m:[0m    📭 Inbox empty, waiting...
[2m2026-03-09T03:04:13.468513Z[0m [32m INFO[0m [2mtt[0m[2m:[0m 
📍 Round 8/30
[2m2026-03-09T03:04:13.474338Z[0m [32m INFO[0m [2mtt[0m[2m:[0m    📭 Inbox empty, waiting...
[2m2026-03-09T03:04:18.479608Z[0m [32m INFO[0m [2mtt[0m[2m:[0m 
📍 Round 8/30
[2m2026-03-09T03:04:18.482641Z[0m [32m INFO[0m [2mtt[0m[2m:[0m    📭 Inbox empty, waiting...
[2m2026-03-09T03:04:23.485960Z[0m [32m INFO[0m [2mtt[0m[2m:[0m 
📍 Round 8/30
[2m2026-03-09T03:04:23.489954Z[0m [32m INFO[0m [2mtt[0m[2m:[0m    📭 Inbox empty, waiting...
[2m2026-03-09T03:04:28.494384Z[0m [32m INFO[0m [2mtt[0m[2m:[0m 
📍 Round 8/30
[2m2026-03-09T03:04:28.497835Z[0m [32m INFO[0m [2mtt[0m[2m:[0m    📭 Inbox empty, waiting...
[2m2026-03-09T03:04:33.502919Z[0m [32m INFO[0m [2mtt[0m[2m:[0m 
📍 Round 8/30
[2m2026-03-09T03:04:33.506970Z[0m [32m INFO[0m [2mtt[0m[2m:[0m    📭 Inbox empty, waiting...
[2m2026-03-09T03:04:38.510911Z[0m [32m INFO[0m [2mtt[0m[2m:[0m 
📍 Round 8/30
[2m2026-03-09T03:04:38.515105Z[0m [32m INFO[0m [2mtt[0m[2m:[0m    📭 Inbox empty, waiting...
[2m2026-03-09T03:04:43.520741Z[0m [32m INFO[0m [2mtt[0m[2m:[0m 
📍 Round 8/30
[2m2026-03-09T03:04:43.523435Z[0m [32m INFO[0m [2mtt[0m[2m:[0m    📭 Inbox empty, waiting...
[2m2026-03-09T03:04:48.526650Z[0m [32m INFO[0m [2mtt[0m[2m:[0m 
📍 Round 8/30
[2m2026-03-09T03:04:48.533308Z[0m [32m INFO[0m [2mtt[0m[2m:[0m    📭 Inbox empty, waiting...
[2m2026-03-09T03:04:53.537443Z[0m [32m INFO[0m [2mtt[0m[2m:[0m 
📍 Round 8/30
[2m2026-03-09T03:04:53.544436Z[0m [32m INFO[0m [2mtt[0m[2m:[0m    📭 Inbox empty, waiting...
[2m2026-03-09T03:04:58.550712Z[0m [32m INFO[0m [2mtt[0m[2m:[0m 
📍 Round 8/30
[2m2026-03-09T03:04:58.553756Z[0m [32m INFO[0m [2mtt[0m[2m:[0m    📭 Inbox empty, waiting...
[2m2026-03-09T03:05:03.556761Z[0m [32m INFO[0m [2mtt[0m[2m:[0m 
📍 Round 8/30
[2m2026-03-09T03:05:03.560108Z[0m [32m INFO[0m [2mtt[0m[2m:[0m    📭 Inbox empty, waiting...
[2m2026-03-09T03:05:08.565053Z[0m [32m INFO[0m [2mtt[0m[2m:[0m 
📍 Round 8/30
[2m2026-03-09T03:05:08.569412Z[0m [32m INFO[0m [2mtt[0m[2m:[0m    📭 Inbox empty, waiting...
[2m2026-03-09T03:05:13.573865Z[0m [32m INFO[0m [2mtt[0m[2m:[0m 
📍 Round 8/30
[2m2026-03-09T03:05:13.577104Z[0m [32m INFO[0m [2mtt[0m[2m:[0m    📭 Inbox empty, waiting...
[2m2026-03-09T03:05:18.581731Z[0m [32m INFO[0m [2mtt[0m[2m:[0m 
📍 Round 8/30
[2m2026-03-09T03:05:18.586013Z[0m [32m INFO[0m [2mtt[0m[2m:[0m    📭 Inbox empty, waiting...
[2m2026-03-09T03:05:23.589694Z[0m [32m INFO[0m [2mtt[0m[2m:[0m 
📍 Round 8/30
[2m2026-03-09T03:05:23.593514Z[0m [32m INFO[0m [2mtt[0m[2m:[0m    📭 Inbox empty, waiting...
[2m2026-03-09T03:05:28.596996Z[0m [32m INFO[0m [2mtt[0m[2m:[0m 
📍 Round 8/30
[2m2026-03-09T03:05:28.599882Z[0m [32m INFO[0m [2mtt[0m[2m:[0m    📭 Inbox empty, waiting...
[2m2026-03-09T03:05:33.603269Z[0m [32m INFO[0m [2mtt[0m[2m:[0m 
📍 Round 8/30
[2m2026-03-09T03:05:33.610428Z[0m [32m INFO[0m [2mtt[0m[2m:[0m    📭 Inbox empty, waiting...
[2m2026-03-09T03:05:38.629074Z[0m [32m INFO[0m [2mtt[0m[2m:[0m 
📍 Round 8/30
[2m2026-03-09T03:05:38.631507Z[0m [32m INFO[0m [2mtt[0m[2m:[0m    📭 Inbox empty, waiting...
[2m2026-03-09T03:05:43.634925Z[0m [32m INFO[0m [2mtt[0m[2m:[0m 
📍 Round 8/30
[2m2026-03-09T03:05:43.637768Z[0m [32m INFO[0m [2mtt[0m[2m:[0m    📭 Inbox empty, waiting...
[2m2026-03-09T03:05:48.641995Z[0m [32m INFO[0m [2mtt[0m[2m:[0m 
📍 Round 8/30
[2m2026-03-09T03:05:48.643831Z[0m [32m INFO[0m [2mtt[0m[2m:[0m    📭 Inbox empty, waiting...
[2m2026-03-09T03:05:53.645985Z[0m [32m INFO[0m [2mtt[0m[2m:[0m 
📍 Round 8/30
[2m2026-03-09T03:05:53.649149Z[0m [32m INFO[0m [2mtt[0m[2m:[0m    📭 Inbox empty, waiting...
[2m2026-03-09T03:05:58.651683Z[0m [32m INFO[0m [2mtt[0m[2m:[0m 
📍 Round 8/30
[2m2026-03-09T03:05:58.653980Z[0m [32m INFO[0m [2mtt[0m[2m:[0m    📭 Inbox empty, waiting...
[2m2026-03-09T03:06:03.656510Z[0m [32m INFO[0m [2mtt[0m[2m:[0m 
📍 Round 8/30
[2m2026-03-09T03:06:03.659642Z[0m [32m INFO[0m [2mtt[0m[2m:[0m    📭 Inbox empty, waiting...
[2m2026-03-09T03:06:08.662188Z[0m [32m INFO[0m [2mtt[0m[2m:[0m 
📍 Round 8/30
[2m2026-03-09T03:06:08.667424Z[0m [32m INFO[0m [2mtt[0m[2m:[0m    📭 Inbox empty, waiting...
[2m2026-03-09T03:06:13.672295Z[0m [32m INFO[0m [2mtt[0m[2m:[0m 
📍 Round 8/30
[2m2026-03-09T03:06:13.677361Z[0m [32m INFO[0m [2mtt[0m[2m:[0m    📭 Inbox empty, waiting...
[2m2026-03-09T03:06:18.680410Z[0m [32m INFO[0m [2mtt[0m[2m:[0m 
📍 Round 8/30
[2m2026-03-09T03:06:18.683109Z[0m [32m INFO[0m [2mtt[0m[2m:[0m    📭 Inbox empty, waiting...
[2m2026-03-09T03:06:23.686580Z[0m [32m INFO[0m [2mtt[0m[2m:[0m 
📍 Round 8/30
[2m2026-03-09T03:06:23.690066Z[0m [32m INFO[0m [2mtt[0m[2m:[0m    📭 Inbox empty, waiting...
[2m2026-03-09T03:06:28.693830Z[0m [32m INFO[0m [2mtt[0m[2m:[0m 
📍 Round 8/30
[2m2026-03-09T03:06:28.697137Z[0m [32m INFO[0m [2mtt[0m[2m:[0m    📭 Inbox empty, waiting...
[2m2026-03-09T03:06:33.700508Z[0m [32m INFO[0m [2mtt[0m[2m:[0m 
📍 Round 8/30
[2m2026-03-09T03:06:33.703956Z[0m [32m INFO[0m [2mtt[0m[2m:[0m    📭 Inbox empty, waiting...
[2m2026-03-09T03:06:38.707078Z[0m [32m INFO[0m [2mtt[0m[2m:[0m 
📍 Round 8/30
[2m2026-03-09T03:06:38.710157Z[0m [32m INFO[0m [2mtt[0m[2m:[0m    📭 Inbox empty, waiting...
[2m2026-03-09T03:06:43.714290Z[0m [32m INFO[0m [2mtt[0m[2m:[0m 
📍 Round 8/30
[2m2026-03-09T03:06:43.717259Z[0m [32m INFO[0m [2mtt[0m[2m:[0m    📭 Inbox empty, waiting...
[2m2026-03-09T03:06:48.720012Z[0m [32m INFO[0m [2mtt[0m[2m:[0m 
📍 Round 8/30
[2m2026-03-09T03:06:48.721593Z[0m [32m INFO[0m [2mtt[0m[2m:[0m    📭 Inbox empty, waiting...
[2m2026-03-09T03:06:53.724687Z[0m [32m INFO[0m [2mtt[0m[2m:[0m 
📍 Round 8/30
[2m2026-03-09T03:06:53.726962Z[0m [32m INFO[0m [2mtt[0m[2m:[0m    📭 Inbox empty, waiting...
[2m2026-03-09T03:06:58.729392Z[0m [32m INFO[0m [2mtt[0m[2m:[0m 
📍 Round 8/30
[2m2026-03-09T03:06:58.732415Z[0m [32m INFO[0m [2mtt[0m[2m:[0m    📭 Inbox empty, waiting...
[2m2026-03-09T03:07:03.734905Z[0m [32m INFO[0m [2mtt[0m[2m:[0m 
📍 Round 8/30
[2m2026-03-09T03:07:03.737802Z[0m [32m INFO[0m [2mtt[0m[2m:[0m    📭 Inbox empty, waiting...
[2m2026-03-09T03:07:08.741105Z[0m [32m INFO[0m [2mtt[0m[2m:[0m 
📍 Round 8/30
[2m2026-03-09T03:07:08.743859Z[0m [32m INFO[0m [2mtt[0m[2m:[0m    📭 Inbox empty, waiting...
[2m2026-03-09T03:07:13.747672Z[0m [32m INFO[0m [2mtt[0m[2m:[0m 
📍 Round 8/30
[2m2026-03-09T03:07:13.750136Z[0m [32m INFO[0m [2mtt[0m[2m:[0m    📭 Inbox empty, waiting...
[2m2026-03-09T03:07:18.752988Z[0m [32m INFO[0m [2mtt[0m[2m:[0m 
📍 Round 8/30
[2m2026-03-09T03:07:18.756184Z[0m [32m INFO[0m [2mtt[0m[2m:[0m    📭 Inbox empty, waiting...
[2m2026-03-09T03:07:23.759321Z[0m [32m INFO[0m [2mtt[0m[2m:[0m 
📍 Round 8/30
[2m2026-03-09T03:07:23.761001Z[0m [32m INFO[0m [2mtt[0m[2m:[0m    📭 Inbox empty, waiting...
[2m2026-03-09T03:07:28.764446Z[0m [32m INFO[0m [2mtt[0m[2m:[0m 
📍 Round 8/30
[2m2026-03-09T03:07:28.767039Z[0m [32m INFO[0m [2mtt[0m[2m:[0m    📭 Inbox empty, waiting...
[2m2026-03-09T03:07:33.769755Z[0m [32m INFO[0m [2mtt[0m[2m:[0m 
📍 Round 8/30
[2m2026-03-09T03:07:33.773960Z[0m [32m INFO[0m [2mtt[0m[2m:[0m    📭 Inbox empty, waiting...
[2m2026-03-09T03:07:38.777812Z[0m [32m INFO[0m [2mtt[0m[2m:[0m 
📍 Round 8/30
[2m2026-03-09T03:07:38.780183Z[0m [32m INFO[0m [2mtt[0m[2m:[0m    📭 Inbox empty, waiting...
[2m2026-03-09T03:07:43.783073Z[0m [32m INFO[0m [2mtt[0m[2m:[0m 
📍 Round 8/30
[2m2026-03-09T03:07:43.788282Z[0m [32m INFO[0m [2mtt[0m[2m:[0m    📭 Inbox empty, waiting...
[2m2026-03-09T03:07:48.797596Z[0m [32m INFO[0m [2mtt[0m[2m:[0m 
📍 Round 8/30
[2m2026-03-09T03:07:48.801292Z[0m [32m INFO[0m [2mtt[0m[2m:[0m    📭 Inbox empty, waiting...
[2m2026-03-09T03:07:53.804268Z[0m [32m INFO[0m [2mtt[0m[2m:[0m 
📍 Round 8/30
[2m2026-03-09T03:07:53.808121Z[0m [32m INFO[0m [2mtt[0m[2m:[0m    📭 Inbox empty, waiting...
[2m2026-03-09T03:07:58.811970Z[0m [32m INFO[0m [2mtt[0m[2m:[0m 
📍 Round 8/30
[2m2026-03-09T03:07:58.814786Z[0m [32m INFO[0m [2mtt[0m[2m:[0m    📭 Inbox empty, waiting...
[2m2026-03-09T03:08:03.818795Z[0m [32m INFO[0m [2mtt[0m[2m:[0m 
📍 Round 8/30
[2m2026-03-09T03:08:03.821473Z[0m [32m INFO[0m [2mtt[0m[2m:[0m    📭 Inbox empty, waiting...
[2m2026-03-09T03:08:08.823697Z[0m [32m INFO[0m [2mtt[0m[2m:[0m 
📍 Round 8/30
[2m2026-03-09T03:08:08.826435Z[0m [32m INFO[0m [2mtt[0m[2m:[0m    📭 Inbox empty, waiting...
[2m2026-03-09T03:08:13.830054Z[0m [32m INFO[0m [2mtt[0m[2m:[0m 
📍 Round 8/30
[2m2026-03-09T03:08:13.840105Z[0m [32m INFO[0m [2mtt[0m[2m:[0m    📭 Inbox empty, waiting...
[2m2026-03-09T03:08:18.843525Z[0m [32m INFO[0m [2mtt[0m[2m:[0m 
📍 Round 8/30
[2m2026-03-09T03:08:18.852156Z[0m [32m INFO[0m [2mtt[0m[2m:[0m    📭 Inbox empty, waiting...
[2m2026-03-09T03:08:23.855655Z[0m [32m INFO[0m [2mtt[0m[2m:[0m 
📍 Round 8/30
[2m2026-03-09T03:08:23.858077Z[0m [32m INFO[0m [2mtt[0m[2m:[0m    📭 Inbox empty, waiting...
[2m2026-03-09T03:08:28.861031Z[0m [32m INFO[0m [2mtt[0m[2m:[0m 
📍 Round 8/30
[2m2026-03-09T03:08:28.864685Z[0m [32m INFO[0m [2mtt[0m[2m:[0m    📭 Inbox empty, waiting...
[2m2026-03-09T03:08:33.868125Z[0m [32m INFO[0m [2mtt[0m[2m:[0m 
📍 Round 8/30
[2m2026-03-09T03:08:33.871169Z[0m [32m INFO[0m [2mtt[0m[2m:[0m    📭 Inbox empty, waiting...
[2m2026-03-09T03:08:38.874433Z[0m [32m INFO[0m [2mtt[0m[2m:[0m 
📍 Round 8/30
[2m2026-03-09T03:08:38.876884Z[0m [32m INFO[0m [2mtt[0m[2m:[0m    📭 Inbox empty, waiting...
[2m2026-03-09T03:08:43.879975Z[0m [32m INFO[0m [2mtt[0m[2m:[0m 
📍 Round 8/30
[2m2026-03-09T03:08:43.883373Z[0m [32m INFO[0m [2mtt[0m[2m:[0m    📭 Inbox empty, waiting...
[2m2026-03-09T03:08:48.887251Z[0m [32m INFO[0m [2mtt[0m[2m:[0m 
📍 Round 8/30
[2m2026-03-09T03:08:48.890895Z[0m [32m INFO[0m [2mtt[0m[2m:[0m    📭 Inbox empty, waiting...
[2m2026-03-09T03:08:53.894840Z[0m [32m INFO[0m [2mtt[0m[2m:[0m 
📍 Round 8/30
[2m2026-03-09T03:08:53.897634Z[0m [32m INFO[0m [2mtt[0m[2m:[0m    📭 Inbox empty, waiting...
[2m2026-03-09T03:08:58.899535Z[0m [32m INFO[0m [2mtt[0m[2m:[0m 
📍 Round 8/30
[2m2026-03-09T03:08:58.902602Z[0m [32m INFO[0m [2mtt[0m[2m:[0m    📭 Inbox empty, waiting...
[2m2026-03-09T03:09:03.905681Z[0m [32m INFO[0m [2mtt[0m[2m:[0m 
📍 Round 8/30
[2m2026-03-09T03:09:03.908731Z[0m [32m INFO[0m [2mtt[0m[2m:[0m    📭 Inbox empty, waiting...
[2m2026-03-09T03:09:08.911429Z[0m [32m INFO[0m [2mtt[0m[2m:[0m 
📍 Round 8/30
[2m2026-03-09T03:09:08.918144Z[0m [32m INFO[0m [2mtt[0m[2m:[0m    📭 Inbox empty, waiting...
[2m2026-03-09T03:09:13.920889Z[0m [32m INFO[0m [2mtt[0m[2m:[0m 
📍 Round 8/30
[2m2026-03-09T03:09:13.923852Z[0m [32m INFO[0m [2mtt[0m[2m:[0m    📭 Inbox empty, waiting...
[2m2026-03-09T03:09:18.926637Z[0m [32m INFO[0m [2mtt[0m[2m:[0m 
📍 Round 8/30
[2m2026-03-09T03:09:18.929484Z[0m [32m INFO[0m [2mtt[0m[2m:[0m    📭 Inbox empty, waiting...
[2m2026-03-09T03:09:23.933289Z[0m [32m INFO[0m [2mtt[0m[2m:[0m 
📍 Round 8/30
[2m2026-03-09T03:09:23.935417Z[0m [32m INFO[0m [2mtt[0m[2m:[0m    📭 Inbox empty, waiting...
[2m2026-03-09T03:09:28.938427Z[0m [32m INFO[0m [2mtt[0m[2m:[0m 
📍 Round 8/30
[2m2026-03-09T03:09:28.944268Z[0m [32m INFO[0m [2mtt[0m[2m:[0m    📭 Inbox empty, waiting...
[2m2026-03-09T03:09:33.947411Z[0m [32m INFO[0m [2mtt[0m[2m:[0m 
📍 Round 8/30
[2m2026-03-09T03:09:33.951774Z[0m [32m INFO[0m [2mtt[0m[2m:[0m    📭 Inbox empty, waiting...
[2m2026-03-09T03:09:38.956384Z[0m [32m INFO[0m [2mtt[0m[2m:[0m 
📍 Round 8/30
[2m2026-03-09T03:09:38.961692Z[0m [32m INFO[0m [2mtt[0m[2m:[0m    📭 Inbox empty, waiting...
[2m2026-03-09T03:09:43.965084Z[0m [32m INFO[0m [2mtt[0m[2m:[0m 
📍 Round 8/30
[2m2026-03-09T03:09:43.968544Z[0m [32m INFO[0m [2mtt[0m[2m:[0m    📭 Inbox empty, waiting...
[2m2026-03-09T03:09:48.972248Z[0m [32m INFO[0m [2mtt[0m[2m:[0m 
📍 Round 8/30
[2m2026-03-09T03:09:48.973991Z[0m [32m INFO[0m [2mtt[0m[2m:[0m    📭 Inbox empty, waiting...
[2m2026-03-09T03:09:53.976792Z[0m [32m INFO[0m [2mtt[0m[2m:[0m 
📍 Round 8/30
[2m2026-03-09T03:09:53.978697Z[0m [32m INFO[0m [2mtt[0m[2m:[0m    📭 Inbox empty, waiting...
[2m2026-03-09T03:09:58.982260Z[0m [32m INFO[0m [2mtt[0m[2m:[0m 
📍 Round 8/30
[2m2026-03-09T03:09:58.995933Z[0m [32m INFO[0m [2mtt[0m[2m:[0m    📭 Inbox empty, waiting...
[2m2026-03-09T03:10:04.000710Z[0m [32m INFO[0m [2mtt[0m[2m:[0m 
📍 Round 8/30
[2m2026-03-09T03:10:04.006709Z[0m [32m INFO[0m [2mtt[0m[2m:[0m    📭 Inbox empty, waiting...
[2m2026-03-09T03:10:09.010831Z[0m [32m INFO[0m [2mtt[0m[2m:[0m 
📍 Round 8/30
[2m2026-03-09T03:10:09.014205Z[0m [32m INFO[0m [2mtt[0m[2m:[0m    📭 Inbox empty, waiting...
[2m2026-03-09T03:10:14.017109Z[0m [32m INFO[0m [2mtt[0m[2m:[0m 
📍 Round 8/30
[2m2026-03-09T03:10:14.019951Z[0m [32m INFO[0m [2mtt[0m[2m:[0m    📭 Inbox empty, waiting...
[2m2026-03-09T03:10:19.023220Z[0m [32m INFO[0m [2mtt[0m[2m:[0m 
📍 Round 8/30
[2m2026-03-09T03:10:19.026504Z[0m [32m INFO[0m [2mtt[0m[2m:[0m    📭 Inbox empty, waiting...
[2m2026-03-09T03:10:24.030306Z[0m [32m INFO[0m [2mtt[0m[2m:[0m 
📍 Round 8/30
[2m2026-03-09T03:10:24.032368Z[0m [32m INFO[0m [2mtt[0m[2m:[0m    📭 Inbox empty, waiting...
[2m2026-03-09T03:10:29.035971Z[0m [32m INFO[0m [2mtt[0m[2m:[0m 
📍 Round 8/30
[2m2026-03-09T03:10:29.037709Z[0m [32m INFO[0m [2mtt[0m[2m:[0m    📭 Inbox empty, waiting...
[2m2026-03-09T03:10:34.040571Z[0m [32m INFO[0m [2mtt[0m[2m:[0m 
📍 Round 8/30
[2m2026-03-09T03:10:34.042619Z[0m [32m INFO[0m [2mtt[0m[2m:[0m    📭 Inbox empty, waiting...
[2m2026-03-09T03:10:39.045674Z[0m [32m INFO[0m [2mtt[0m[2m:[0m 
📍 Round 8/30
[2m2026-03-09T03:10:39.047618Z[0m [32m INFO[0m [2mtt[0m[2m:[0m    📭 Inbox empty, waiting...
[2m2026-03-09T03:10:44.050318Z[0m [32m INFO[0m [2mtt[0m[2m:[0m 
📍 Round 8/30
[2m2026-03-09T03:10:44.053651Z[0m [32m INFO[0m [2mtt[0m[2m:[0m    📭 Inbox empty, waiting...
[2m2026-03-09T03:10:49.056802Z[0m [32m INFO[0m [2mtt[0m[2m:[0m 
📍 Round 8/30
[2m2026-03-09T03:10:49.060030Z[0m [32m INFO[0m [2mtt[0m[2m:[0m    📭 Inbox empty, waiting...
[2m2026-03-09T03:10:54.063735Z[0m [32m INFO[0m [2mtt[0m[2m:[0m 
📍 Round 8/30
[2m2026-03-09T03:10:54.066507Z[0m [32m INFO[0m [2mtt[0m[2m:[0m    📭 Inbox empty, waiting...
[2m2026-03-09T03:10:59.069598Z[0m [32m INFO[0m [2mtt[0m[2m:[0m 
📍 Round 8/30
[2m2026-03-09T03:10:59.071633Z[0m [32m INFO[0m [2mtt[0m[2m:[0m    📭 Inbox empty, waiting...
[2m2026-03-09T03:11:04.075142Z[0m [32m INFO[0m [2mtt[0m[2m:[0m 
📍 Round 8/30
[2m2026-03-09T03:11:04.078018Z[0m [32m INFO[0m [2mtt[0m[2m:[0m    📭 Inbox empty, waiting...
[2m2026-03-09T03:11:09.081130Z[0m [32m INFO[0m [2mtt[0m[2m:[0m 
📍 Round 8/30
[2m2026-03-09T03:11:09.152469Z[0m [32m INFO[0m [2mtt[0m[2m:[0m    📭 Inbox empty, waiting...
[2m2026-03-09T03:11:14.155452Z[0m [32m INFO[0m [2mtt[0m[2m:[0m 
📍 Round 8/30
[2m2026-03-09T03:11:14.158301Z[0m [32m INFO[0m [2mtt[0m[2m:[0m    📭 Inbox empty, waiting...
[2m2026-03-09T03:11:19.160376Z[0m [32m INFO[0m [2mtt[0m[2m:[0m 
📍 Round 8/30
[2m2026-03-09T03:11:19.162325Z[0m [32m INFO[0m [2mtt[0m[2m:[0m    📭 Inbox empty, waiting...
[2m2026-03-09T03:11:24.166044Z[0m [32m INFO[0m [2mtt[0m[2m:[0m 
📍 Round 8/30
[2m2026-03-09T03:11:24.169395Z[0m [32m INFO[0m [2mtt[0m[2m:[0m    📭 Inbox empty, waiting...
[2m2026-03-09T03:11:29.171782Z[0m [32m INFO[0m [2mtt[0m[2m:[0m 
📍 Round 8/30
[2m2026-03-09T03:11:29.175650Z[0m [32m INFO[0m [2mtt[0m[2m:[0m    📭 Inbox empty, waiting...
[2m2026-03-09T03:11:34.181127Z[0m [32m INFO[0m [2mtt[0m[2m:[0m 
📍 Round 8/30
[2m2026-03-09T03:11:34.184271Z[0m [32m INFO[0m [2mtt[0m[2m:[0m    📭 Inbox empty, waiting...
[2m2026-03-09T03:11:39.187568Z[0m [32m INFO[0m [2mtt[0m[2m:[0m 
📍 Round 8/30
[2m2026-03-09T03:11:39.191416Z[0m [32m INFO[0m [2mtt[0m[2m:[0m    📭 Inbox empty, waiting...
[2m2026-03-09T03:11:44.195288Z[0m [32m INFO[0m [2mtt[0m[2m:[0m 
📍 Round 8/30
[2m2026-03-09T03:11:44.198386Z[0m [32m INFO[0m [2mtt[0m[2m:[0m    📭 Inbox empty, waiting...
[2m2026-03-09T03:11:49.202024Z[0m [32m INFO[0m [2mtt[0m[2m:[0m 
📍 Round 8/30
[2m2026-03-09T03:11:49.203531Z[0m [32m INFO[0m [2mtt[0m[2m:[0m    📭 Inbox empty, waiting...
[2m2026-03-09T03:11:54.206348Z[0m [32m INFO[0m [2mtt[0m[2m:[0m 
📍 Round 8/30
[2m2026-03-09T03:11:54.208482Z[0m [32m INFO[0m [2mtt[0m[2m:[0m    📭 Inbox empty, waiting...
[2m2026-03-09T03:11:59.212504Z[0m [32m INFO[0m [2mtt[0m[2m:[0m 
📍 Round 8/30
[2m2026-03-09T03:11:59.214703Z[0m [32m INFO[0m [2mtt[0m[2m:[0m    📭 Inbox empty, waiting...
[2m2026-03-09T03:12:04.218427Z[0m [32m INFO[0m [2mtt[0m[2m:[0m 
📍 Round 8/30
[2m2026-03-09T03:12:04.221549Z[0m [32m INFO[0m [2mtt[0m[2m:[0m    📭 Inbox empty, waiting...
[2m2026-03-09T03:12:09.226054Z[0m [32m INFO[0m [2mtt[0m[2m:[0m 
📍 Round 8/30
[2m2026-03-09T03:12:09.229240Z[0m [32m INFO[0m [2mtt[0m[2m:[0m    📭 Inbox empty, waiting...
[2m2026-03-09T03:12:14.233375Z[0m [32m INFO[0m [2mtt[0m[2m:[0m 
📍 Round 8/30
[2m2026-03-09T03:12:14.237202Z[0m [32m INFO[0m [2mtt[0m[2m:[0m    📭 Inbox empty, waiting...
[2m2026-03-09T03:12:19.242531Z[0m [32m INFO[0m [2mtt[0m[2m:[0m 
📍 Round 8/30
[2m2026-03-09T03:12:19.244848Z[0m [32m INFO[0m [2mtt[0m[2m:[0m    📭 Inbox empty, waiting...
[2m2026-03-09T03:12:24.248460Z[0m [32m INFO[0m [2mtt[0m[2m:[0m 
📍 Round 8/30
[2m2026-03-09T03:12:24.251815Z[0m [32m INFO[0m [2mtt[0m[2m:[0m    📭 Inbox empty, waiting...
[2m2026-03-09T03:12:29.255818Z[0m [32m INFO[0m [2mtt[0m[2m:[0m 
📍 Round 8/30
[2m2026-03-09T03:12:29.258487Z[0m [32m INFO[0m [2mtt[0m[2m:[0m    📭 Inbox empty, waiting...
[2m2026-03-09T03:12:34.262117Z[0m [32m INFO[0m [2mtt[0m[2m:[0m 
📍 Round 8/30
[2m2026-03-09T03:12:34.263951Z[0m [32m INFO[0m [2mtt[0m[2m:[0m    📭 Inbox empty, waiting...
[2m2026-03-09T03:12:39.267114Z[0m [32m INFO[0m [2mtt[0m[2m:[0m 
📍 Round 8/30
[2m2026-03-09T03:12:39.270947Z[0m [32m INFO[0m [2mtt[0m[2m:[0m    📭 Inbox empty, waiting...
[2m2026-03-09T03:12:44.275696Z[0m [32m INFO[0m [2mtt[0m[2m:[0m 
📍 Round 8/30
[2m2026-03-09T03:12:44.279019Z[0m [32m INFO[0m [2mtt[0m[2m:[0m    📭 Inbox empty, waiting...
[2m2026-03-09T03:12:49.283848Z[0m [32m INFO[0m [2mtt[0m[2m:[0m 
📍 Round 8/30
[2m2026-03-09T03:12:49.285459Z[0m [32m INFO[0m [2mtt[0m[2m:[0m    📭 Inbox empty, waiting...
[2m2026-03-09T03:12:54.288254Z[0m [32m INFO[0m [2mtt[0m[2m:[0m 
📍 Round 8/30
[2m2026-03-09T03:12:54.291389Z[0m [32m INFO[0m [2mtt[0m[2m:[0m    📭 Inbox empty, waiting...
[2m2026-03-09T03:12:59.294251Z[0m [32m INFO[0m [2mtt[0m[2m:[0m 
📍 Round 8/30
[2m2026-03-09T03:12:59.297795Z[0m [32m INFO[0m [2mtt[0m[2m:[0m    📭 Inbox empty, waiting...
[2m2026-03-09T03:13:04.303359Z[0m [32m INFO[0m [2mtt[0m[2m:[0m 
📍 Round 8/30
[2m2026-03-09T03:13:04.305501Z[0m [32m INFO[0m [2mtt[0m[2m:[0m    📭 Inbox empty, waiting...
[2m2026-03-09T03:13:09.299226Z[0m [32m INFO[0m [2mtt[0m[2m:[0m 
📍 Round 8/30
[2m2026-03-09T03:13:09.302345Z[0m [32m INFO[0m [2mtt[0m[2m:[0m    📭 Inbox empty, waiting...
[2m2026-03-09T03:13:14.300392Z[0m [32m INFO[0m [2mtt[0m[2m:[0m 
📍 Round 8/30
[2m2026-03-09T03:13:14.303918Z[0m [32m INFO[0m [2mtt[0m[2m:[0m    📭 Inbox empty, waiting...
[2m2026-03-09T03:13:19.305774Z[0m [32m INFO[0m [2mtt[0m[2m:[0m 
📍 Round 8/30
[2m2026-03-09T03:13:19.308238Z[0m [32m INFO[0m [2mtt[0m[2m:[0m    📭 Inbox empty, waiting...
[2m2026-03-09T03:13:24.309301Z[0m [32m INFO[0m [2mtt[0m[2m:[0m 
📍 Round 8/30
[2m2026-03-09T03:13:24.443909Z[0m [32m INFO[0m [2mtt[0m[2m:[0m    📭 Inbox empty, waiting...
[2m2026-03-09T03:13:29.448148Z[0m [32m INFO[0m [2mtt[0m[2m:[0m 
📍 Round 8/30
[2m2026-03-09T03:13:29.494649Z[0m [32m INFO[0m [2mtt[0m[2m:[0m    📭 Inbox empty, waiting...
[2m2026-03-09T03:13:34.497636Z[0m [32m INFO[0m [2mtt[0m[2m:[0m 
📍 Round 8/30
[2m2026-03-09T03:13:34.502404Z[0m [32m INFO[0m [2mtt[0m[2m:[0m    📭 Inbox empty, waiting...
[2m2026-03-09T03:13:39.504284Z[0m [32m INFO[0m [2mtt[0m[2m:[0m 
📍 Round 8/30
[2m2026-03-09T03:13:39.506482Z[0m [32m INFO[0m [2mtt[0m[2m:[0m    📭 Inbox empty, waiting...
[2m2026-03-09T03:13:44.509886Z[0m [32m INFO[0m [2mtt[0m[2m:[0m 
📍 Round 8/30
[2m2026-03-09T03:13:44.514483Z[0m [32m INFO[0m [2mtt[0m[2m:[0m    📭 Inbox empty, waiting...
[2m2026-03-09T03:13:49.519034Z[0m [32m INFO[0m [2mtt[0m[2m:[0m 
📍 Round 8/30
[2m2026-03-09T03:13:49.520997Z[0m [32m INFO[0m [2mtt[0m[2m:[0m    📭 Inbox empty, waiting...
[2m2026-03-09T03:13:54.523361Z[0m [32m INFO[0m [2mtt[0m[2m:[0m 
📍 Round 8/30
[2m2026-03-09T03:13:54.526157Z[0m [32m INFO[0m [2mtt[0m[2m:[0m    📭 Inbox empty, waiting...
[2m2026-03-09T03:13:59.530541Z[0m [32m INFO[0m [2mtt[0m[2m:[0m 
📍 Round 8/30
[2m2026-03-09T03:13:59.534341Z[0m [32m INFO[0m [2mtt[0m[2m:[0m    📭 Inbox empty, waiting...
[2m2026-03-09T03:14:04.539175Z[0m [32m INFO[0m [2mtt[0m[2m:[0m 
📍 Round 8/30
[2m2026-03-09T03:14:04.542485Z[0m [32m INFO[0m [2mtt[0m[2m:[0m    📭 Inbox empty, waiting...
[2m2026-03-09T03:14:09.545812Z[0m [32m INFO[0m [2mtt[0m[2m:[0m 
📍 Round 8/30
[2m2026-03-09T03:14:09.548944Z[0m [32m INFO[0m [2mtt[0m[2m:[0m    📭 Inbox empty, waiting...
[2m2026-03-09T03:14:14.553107Z[0m [32m INFO[0m [2mtt[0m[2m:[0m 
📍 Round 8/30
[2m2026-03-09T03:14:14.555472Z[0m [32m INFO[0m [2mtt[0m[2m:[0m    📭 Inbox empty, waiting...
[2m2026-03-09T03:14:19.559972Z[0m [32m INFO[0m [2mtt[0m[2m:[0m 
📍 Round 8/30
[2m2026-03-09T03:14:19.561784Z[0m [32m INFO[0m [2mtt[0m[2m:[0m    📭 Inbox empty, waiting...
[2m2026-03-09T03:14:24.565352Z[0m [32m INFO[0m [2mtt[0m[2m:[0m 
📍 Round 8/30
[2m2026-03-09T03:14:24.936767Z[0m [32m INFO[0m [2mtt[0m[2m:[0m    📭 Inbox empty, waiting...
[2m2026-03-09T03:14:30.012521Z[0m [32m INFO[0m [2mtt[0m[2m:[0m 
📍 Round 8/30
[2m2026-03-09T03:14:30.016021Z[0m [32m INFO[0m [2mtt[0m[2m:[0m    📭 Inbox empty, waiting...
[2m2026-03-09T03:14:35.020782Z[0m [32m INFO[0m [2mtt[0m[2m:[0m 
📍 Round 8/30
[2m2026-03-09T03:14:35.025238Z[0m [32m INFO[0m [2mtt[0m[2m:[0m    📭 Inbox empty, waiting...
[2m2026-03-09T03:14:40.027690Z[0m [32m INFO[0m [2mtt[0m[2m:[0m 
📍 Round 8/30
[2m2026-03-09T03:14:40.034787Z[0m [32m INFO[0m [2mtt[0m[2m:[0m    📭 Inbox empty, waiting...
[2m2026-03-09T03:14:45.039336Z[0m [32m INFO[0m [2mtt[0m[2m:[0m 
📍 Round 8/30
[2m2026-03-09T03:14:45.043627Z[0m [32m INFO[0m [2mtt[0m[2m:[0m    📭 Inbox empty, waiting...
[2m2026-03-09T03:14:50.047955Z[0m [32m INFO[0m [2mtt[0m[2m:[0m 
📍 Round 8/30
[2m2026-03-09T03:14:50.051808Z[0m [32m INFO[0m [2mtt[0m[2m:[0m    📭 Inbox empty, waiting...
[2m2026-03-09T03:14:55.056690Z[0m [32m INFO[0m [2mtt[0m[2m:[0m 
📍 Round 8/30
[2m2026-03-09T03:14:55.061356Z[0m [32m INFO[0m [2mtt[0m[2m:[0m    📭 Inbox empty, waiting...
[2m2026-03-09T03:15:00.064728Z[0m [32m INFO[0m [2mtt[0m[2m:[0m 
📍 Round 8/30
[2m2026-03-09T03:15:00.066347Z[0m [32m INFO[0m [2mtt[0m[2m:[0m    📭 Inbox empty, waiting...
[2m2026-03-09T03:15:05.069798Z[0m [32m INFO[0m [2mtt[0m[2m:[0m 
📍 Round 8/30
[2m2026-03-09T03:15:05.073143Z[0m [32m INFO[0m [2mtt[0m[2m:[0m    📭 Inbox empty, waiting...
[2m2026-03-09T03:15:10.078028Z[0m [32m INFO[0m [2mtt[0m[2m:[0m 
📍 Round 8/30
[2m2026-03-09T03:15:10.080610Z[0m [32m INFO[0m [2mtt[0m[2m:[0m    📭 Inbox empty, waiting...
[2m2026-03-09T03:15:15.083744Z[0m [32m INFO[0m [2mtt[0m[2m:[0m 
📍 Round 8/30
[2m2026-03-09T03:15:15.086492Z[0m [32m INFO[0m [2mtt[0m[2m:[0m    📭 Inbox empty, waiting...
[2m2026-03-09T03:15:20.090848Z[0m [32m INFO[0m [2mtt[0m[2m:[0m 
📍 Round 8/30
[2m2026-03-09T03:15:20.092519Z[0m [32m INFO[0m [2mtt[0m[2m:[0m    📭 Inbox empty, waiting...
[2m2026-03-09T03:15:25.096055Z[0m [32m INFO[0m [2mtt[0m[2m:[0m 
📍 Round 8/30
[2m2026-03-09T03:15:25.099350Z[0m [32m INFO[0m [2mtt[0m[2m:[0m    📭 Inbox empty, waiting...
[2m2026-03-09T03:15:30.104491Z[0m [32m INFO[0m [2mtt[0m[2m:[0m 
📍 Round 8/30
[2m2026-03-09T03:15:30.326398Z[0m [32m INFO[0m [2mtt[0m[2m:[0m    📭 Inbox empty, waiting...
[2m2026-03-09T03:15:35.329225Z[0m [32m INFO[0m [2mtt[0m[2m:[0m 
📍 Round 8/30
[2m2026-03-09T03:15:35.331357Z[0m [32m INFO[0m [2mtt[0m[2m:[0m    📭 Inbox empty, waiting...
[2m2026-03-09T03:15:40.335155Z[0m [32m INFO[0m [2mtt[0m[2m:[0m 
📍 Round 8/30
[2m2026-03-09T03:15:40.440848Z[0m [32m INFO[0m [2mtt[0m[2m:[0m    📭 Inbox empty, waiting...
[2m2026-03-09T03:15:45.445073Z[0m [32m INFO[0m [2mtt[0m[2m:[0m 
📍 Round 8/30
[2m2026-03-09T03:15:45.448133Z[0m [32m INFO[0m [2mtt[0m[2m:[0m    📭 Inbox empty, waiting...
[2m2026-03-09T03:15:50.453854Z[0m [32m INFO[0m [2mtt[0m[2m:[0m 
📍 Round 8/30
[2m2026-03-09T03:15:50.456340Z[0m [32m INFO[0m [2mtt[0m[2m:[0m    📭 Inbox empty, waiting...
[2m2026-03-09T03:15:55.460039Z[0m [32m INFO[0m [2mtt[0m[2m:[0m 
📍 Round 8/30
[2m2026-03-09T03:15:55.464811Z[0m [32m INFO[0m [2mtt[0m[2m:[0m    📭 Inbox empty, waiting...
[2m2026-03-09T03:16:00.482323Z[0m [32m INFO[0m [2mtt[0m[2m:[0m 
📍 Round 8/30
[2m2026-03-09T03:16:00.484327Z[0m [32m INFO[0m [2mtt[0m[2m:[0m    📭 Inbox empty, waiting...
[2m2026-03-09T03:16:05.486793Z[0m [32m INFO[0m [2mtt[0m[2m:[0m 
📍 Round 8/30
[2m2026-03-09T03:16:05.489586Z[0m [32m INFO[0m [2mtt[0m[2m:[0m    📭 Inbox empty, waiting...
[2m2026-03-09T03:16:10.497769Z[0m [32m INFO[0m [2mtt[0m[2m:[0m 
📍 Round 8/30
[2m2026-03-09T03:16:10.512317Z[0m [32m INFO[0m [2mtt[0m[2m:[0m    📭 Inbox empty, waiting...
[2m2026-03-09T03:16:15.516293Z[0m [32m INFO[0m [2mtt[0m[2m:[0m 
📍 Round 8/30
[2m2026-03-09T03:16:15.570752Z[0m [32m INFO[0m [2mtt[0m[2m:[0m    📭 Inbox empty, waiting...
[2m2026-03-09T03:16:20.578972Z[0m [32m INFO[0m [2mtt[0m[2m:[0m 
📍 Round 8/30
[2m2026-03-09T03:16:20.581429Z[0m [32m INFO[0m [2mtt[0m[2m:[0m    📭 Inbox empty, waiting...
[2m2026-03-09T03:16:25.584581Z[0m [32m INFO[0m [2mtt[0m[2m:[0m 
📍 Round 8/30
[2m2026-03-09T03:16:25.587443Z[0m [32m INFO[0m [2mtt[0m[2m:[0m    📭 Inbox empty, waiting...
[2m2026-03-09T03:16:30.591312Z[0m [32m INFO[0m [2mtt[0m[2m:[0m 
📍 Round 8/30
[2m2026-03-09T03:16:30.595411Z[0m [32m INFO[0m [2mtt[0m[2m:[0m    📭 Inbox empty, waiting...
[2m2026-03-09T03:16:35.600878Z[0m [32m INFO[0m [2mtt[0m[2m:[0m 
📍 Round 8/30
[2m2026-03-09T03:16:35.603549Z[0m [32m INFO[0m [2mtt[0m[2m:[0m    📭 Inbox empty, waiting...
[2m2026-03-09T03:16:40.607290Z[0m [32m INFO[0m [2mtt[0m[2m:[0m 
📍 Round 8/30
[2m2026-03-09T03:16:40.611269Z[0m [32m INFO[0m [2mtt[0m[2m:[0m    📭 Inbox empty, waiting...
[2m2026-03-09T03:16:45.615328Z[0m [32m INFO[0m [2mtt[0m[2m:[0m 
📍 Round 8/30
[2m2026-03-09T03:16:45.619086Z[0m [32m INFO[0m [2mtt[0m[2m:[0m    📭 Inbox empty, waiting...
[2m2026-03-09T03:16:50.621456Z[0m [32m INFO[0m [2mtt[0m[2m:[0m 
📍 Round 8/30
[2m2026-03-09T03:16:50.623566Z[0m [32m INFO[0m [2mtt[0m[2m:[0m    📭 Inbox empty, waiting...
[2m2026-03-09T03:16:55.627552Z[0m [32m INFO[0m [2mtt[0m[2m:[0m 
📍 Round 8/30
[2m2026-03-09T03:16:55.634030Z[0m [32m INFO[0m [2mtt[0m[2m:[0m    📭 Inbox empty, waiting...
[2m2026-03-09T03:17:00.637399Z[0m [32m INFO[0m [2mtt[0m[2m:[0m 
📍 Round 8/30
[2m2026-03-09T03:17:00.639689Z[0m [32m INFO[0m [2mtt[0m[2m:[0m    📭 Inbox empty, waiting...
[2m2026-03-09T03:17:05.643869Z[0m [32m INFO[0m [2mtt[0m[2m:[0m 
📍 Round 8/30
[2m2026-03-09T03:17:05.703204Z[0m [32m INFO[0m [2mtt[0m[2m:[0m    📭 Inbox empty, waiting...
[2m2026-03-09T03:17:10.705518Z[0m [32m INFO[0m [2mtt[0m[2m:[0m 
📍 Round 8/30
[2m2026-03-09T03:17:10.833814Z[0m [32m INFO[0m [2mtt[0m[2m:[0m    📭 Inbox empty, waiting...
[2m2026-03-09T03:17:15.836724Z[0m [32m INFO[0m [2mtt[0m[2m:[0m 
📍 Round 8/30
[2m2026-03-09T03:17:15.853857Z[0m [32m INFO[0m [2mtt[0m[2m:[0m    📭 Inbox empty, waiting...
[2m2026-03-09T03:17:20.858295Z[0m [32m INFO[0m [2mtt[0m[2m:[0m 
📍 Round 8/30
[2m2026-03-09T03:17:20.963729Z[0m [32m INFO[0m [2mtt[0m[2m:[0m    📭 Inbox empty, waiting...
[2m2026-03-09T03:17:25.967156Z[0m [32m INFO[0m [2mtt[0m[2m:[0m 
📍 Round 8/30
[2m2026-03-09T03:17:26.120930Z[0m [32m INFO[0m [2mtt[0m[2m:[0m    📭 Inbox empty, waiting...
[2m2026-03-09T03:17:31.125142Z[0m [32m INFO[0m [2mtt[0m[2m:[0m 
📍 Round 8/30
[2m2026-03-09T03:17:31.128342Z[0m [32m INFO[0m [2mtt[0m[2m:[0m    📭 Inbox empty, waiting...
[2m2026-03-09T03:17:36.132442Z[0m [32m INFO[0m [2mtt[0m[2m:[0m 
📍 Round 8/30
[2m2026-03-09T03:17:36.136726Z[0m [32m INFO[0m [2mtt[0m[2m:[0m    📭 Inbox empty, waiting...
[2m2026-03-09T03:17:41.141303Z[0m [32m INFO[0m [2mtt[0m[2m:[0m 
📍 Round 8/30
[2m2026-03-09T03:17:41.143526Z[0m [32m INFO[0m [2mtt[0m[2m:[0m    📭 Inbox empty, waiting...
[2m2026-03-09T03:17:46.146186Z[0m [32m INFO[0m [2mtt[0m[2m:[0m 
📍 Round 8/30
[2m2026-03-09T03:17:46.148174Z[0m [32m INFO[0m [2mtt[0m[2m:[0m    📭 Inbox empty, waiting...
[2m2026-03-09T03:17:51.152561Z[0m [32m INFO[0m [2mtt[0m[2m:[0m 
📍 Round 8/30
[2m2026-03-09T03:17:51.156525Z[0m [32m INFO[0m [2mtt[0m[2m:[0m    📭 Inbox empty, waiting...
[2m2026-03-09T03:17:56.161529Z[0m [32m INFO[0m [2mtt[0m[2m:[0m 
📍 Round 8/30
[2m2026-03-09T03:17:56.236460Z[0m [32m INFO[0m [2mtt[0m[2m:[0m    📭 Inbox empty, waiting...
[2m2026-03-09T03:18:01.241871Z[0m [32m INFO[0m [2mtt[0m[2m:[0m 
📍 Round 8/30
[2m2026-03-09T03:18:01.498318Z[0m [32m INFO[0m [2mtt[0m[2m:[0m    📭 Inbox empty, waiting...
[2m2026-03-09T03:18:06.503243Z[0m [32m INFO[0m [2mtt[0m[2m:[0m 
📍 Round 8/30
[2m2026-03-09T03:18:06.505763Z[0m [32m INFO[0m [2mtt[0m[2m:[0m    📭 Inbox empty, waiting...
[2m2026-03-09T03:18:11.509418Z[0m [32m INFO[0m [2mtt[0m[2m:[0m 
📍 Round 8/30
[2m2026-03-09T03:18:11.854715Z[0m [32m INFO[0m [2mtt[0m[2m:[0m    📭 Inbox empty, waiting...
[2m2026-03-09T03:18:16.859686Z[0m [32m INFO[0m [2mtt[0m[2m:[0m 
📍 Round 8/30
[2m2026-03-09T03:18:16.999378Z[0m [32m INFO[0m [2mtt[0m[2m:[0m    📭 Inbox empty, waiting...
[2m2026-03-09T03:18:22.002894Z[0m [32m INFO[0m [2mtt[0m[2m:[0m 
📍 Round 8/30
[2m2026-03-09T03:18:22.108228Z[0m [32m INFO[0m [2mtt[0m[2m:[0m    📭 Inbox empty, waiting...
[2m2026-03-09T03:18:27.120482Z[0m [32m INFO[0m [2mtt[0m[2m:[0m 
📍 Round 8/30
[2m2026-03-09T03:18:27.357709Z[0m [32m INFO[0m [2mtt[0m[2m:[0m    📭 Inbox empty, waiting...
[2m2026-03-09T03:18:32.360883Z[0m [32m INFO[0m [2mtt[0m[2m:[0m 
📍 Round 8/30
[2m2026-03-09T03:18:32.458009Z[0m [32m INFO[0m [2mtt[0m[2m:[0m    📭 Inbox empty, waiting...
[2m2026-03-09T03:18:37.469300Z[0m [32m INFO[0m [2mtt[0m[2m:[0m 
📍 Round 8/30
[2m2026-03-09T03:18:37.621347Z[0m [32m INFO[0m [2mtt[0m[2m:[0m    📭 Inbox empty, waiting...
[2m2026-03-09T03:18:42.624167Z[0m [32m INFO[0m [2mtt[0m[2m:[0m 
📍 Round 8/30
[2m2026-03-09T03:18:42.860064Z[0m [32m INFO[0m [2mtt[0m[2m:[0m    📭 Inbox empty, waiting...
[2m2026-03-09T03:18:47.862423Z[0m [32m INFO[0m [2mtt[0m[2m:[0m 
📍 Round 8/30
[2m2026-03-09T03:18:47.901652Z[0m [32m INFO[0m [2mtt[0m[2m:[0m    📬 batched: 0 actionable, 1 informational, 0 confirmations
[2m2026-03-09T03:18:47.902135Z[0m [32m INFO[0m [2mtt[0m[2m:[0m    Round 8: ⏭️ auto-handled 1 informational, 0 confirmations
[2m2026-03-09T03:18:48.906243Z[0m [32m INFO[0m [2mtt[0m[2m:[0m 
📍 Round 8/30
[2m2026-03-09T03:18:48.908862Z[0m [32m INFO[0m [2mtt[0m[2m:[0m    📭 Inbox empty, waiting...
[2m2026-03-09T03:18:53.911995Z[0m [32m INFO[0m [2mtt[0m[2m:[0m 
📍 Round 8/30
[2m2026-03-09T03:18:53.969535Z[0m [32m INFO[0m [2mtt[0m[2m:[0m    📭 Inbox empty, waiting...
[2m2026-03-09T03:18:58.972763Z[0m [32m INFO[0m [2mtt[0m[2m:[0m 
📍 Round 8/30
[2m2026-03-09T03:18:59.115897Z[0m [32m INFO[0m [2mtt[0m[2m:[0m    📭 Inbox empty, waiting...
[2m2026-03-09T03:19:04.119169Z[0m [32m INFO[0m [2mtt[0m[2m:[0m 
📍 Round 8/30
[2m2026-03-09T03:19:04.120940Z[0m [32m INFO[0m [2mtt[0m[2m:[0m    📭 Inbox empty, waiting...
[2m2026-03-09T03:19:09.124534Z[0m [32m INFO[0m [2mtt[0m[2m:[0m 
📍 Round 8/30
[2m2026-03-09T03:19:09.126574Z[0m [32m INFO[0m [2mtt[0m[2m:[0m    📭 Inbox empty, waiting...
[2m2026-03-09T03:19:14.129798Z[0m [32m INFO[0m [2mtt[0m[2m:[0m 
📍 Round 8/30
[2m2026-03-09T03:19:14.384085Z[0m [32m INFO[0m [2mtt[0m[2m:[0m    📭 Inbox empty, waiting...
[2m2026-03-09T03:19:19.387429Z[0m [32m INFO[0m [2mtt[0m[2m:[0m 
📍 Round 8/30
[2m2026-03-09T03:19:19.389224Z[0m [32m INFO[0m [2mtt[0m[2m:[0m    📭 Inbox empty, waiting...
[2m2026-03-09T03:19:24.392165Z[0m [32m INFO[0m [2mtt[0m[2m:[0m 
📍 Round 8/30
[2m2026-03-09T03:19:24.394838Z[0m [32m INFO[0m [2mtt[0m[2m:[0m    📭 Inbox empty, waiting...
[2m2026-03-09T03:19:29.398381Z[0m [32m INFO[0m [2mtt[0m[2m:[0m 
📍 Round 8/30
[2m2026-03-09T03:19:29.400120Z[0m [32m INFO[0m [2mtt[0m[2m:[0m    📭 Inbox empty, waiting...
[2m2026-03-09T03:19:34.403832Z[0m [32m INFO[0m [2mtt[0m[2m:[0m 
📍 Round 8/30
[2m2026-03-09T03:19:34.486960Z[0m [32m INFO[0m [2mtt[0m[2m:[0m    📭 Inbox empty, waiting...
[2m2026-03-09T03:19:39.489426Z[0m [32m INFO[0m [2mtt[0m[2m:[0m 
📍 Round 8/30
[2m2026-03-09T03:19:39.491436Z[0m [32m INFO[0m [2mtt[0m[2m:[0m    📭 Inbox empty, waiting...
[2m2026-03-09T03:19:44.494767Z[0m [32m INFO[0m [2mtt[0m[2m:[0m 
📍 Round 8/30
[2m2026-03-09T03:19:44.609344Z[0m [32m INFO[0m [2mtt[0m[2m:[0m    📭 Inbox empty, waiting...
[2m2026-03-09T03:19:49.612284Z[0m [32m INFO[0m [2mtt[0m[2m:[0m 
📍 Round 8/30
[2m2026-03-09T03:19:49.614147Z[0m [32m INFO[0m [2mtt[0m[2m:[0m    📭 Inbox empty, waiting...
[2m2026-03-09T03:19:54.617219Z[0m [32m INFO[0m [2mtt[0m[2m:[0m 
📍 Round 8/30
[2m2026-03-09T03:19:54.627194Z[0m [32m INFO[0m [2mtt[0m[2m:[0m    📭 Inbox empty, waiting...
[2m2026-03-09T03:19:59.630055Z[0m [32m INFO[0m [2mtt[0m[2m:[0m 
📍 Round 8/30
[2m2026-03-09T03:19:59.632061Z[0m [32m INFO[0m [2mtt[0m[2m:[0m    📭 Inbox empty, waiting...
[2m2026-03-09T03:20:04.635162Z[0m [32m INFO[0m [2mtt[0m[2m:[0m 
📍 Round 8/30
[2m2026-03-09T03:20:04.858687Z[0m [32m INFO[0m [2mtt[0m[2m:[0m    📭 Inbox empty, waiting...
[2m2026-03-09T03:20:09.861941Z[0m [32m INFO[0m [2mtt[0m[2m:[0m 
📍 Round 8/30
[2m2026-03-09T03:20:09.863498Z[0m [32m INFO[0m [2mtt[0m[2m:[0m    📭 Inbox empty, waiting...
[2m2026-03-09T03:20:14.865477Z[0m [32m INFO[0m [2mtt[0m[2m:[0m 
📍 Round 8/30
[2m2026-03-09T03:20:14.868819Z[0m [32m INFO[0m [2mtt[0m[2m:[0m    📭 Inbox empty, waiting...
[2m2026-03-09T03:20:19.874174Z[0m [32m INFO[0m [2mtt[0m[2m:[0m 
📍 Round 8/30
[2m2026-03-09T03:20:19.876099Z[0m [32m INFO[0m [2mtt[0m[2m:[0m    📭 Inbox empty, waiting...
[2m2026-03-09T03:20:24.879862Z[0m [32m INFO[0m [2mtt[0m[2m:[0m 
📍 Round 8/30
[2m2026-03-09T03:20:25.124910Z[0m [32m INFO[0m [2mtt[0m[2m:[0m    📭 Inbox empty, waiting...
[2m2026-03-09T03:20:30.129514Z[0m [32m INFO[0m [2mtt[0m[2m:[0m 
📍 Round 8/30
[2m2026-03-09T03:20:30.498913Z[0m [32m INFO[0m [2mtt[0m[2m:[0m    📭 Inbox empty, waiting...
[2m2026-03-09T03:20:35.502430Z[0m [32m INFO[0m [2mtt[0m[2m:[0m 
📍 Round 8/30
[2m2026-03-09T03:20:35.505617Z[0m [32m INFO[0m [2mtt[0m[2m:[0m    📭 Inbox empty, waiting...
[2m2026-03-09T03:20:40.509302Z[0m [32m INFO[0m [2mtt[0m[2m:[0m 
📍 Round 8/30
[2m2026-03-09T03:20:40.518575Z[0m [32m INFO[0m [2mtt[0m[2m:[0m    📭 Inbox empty, waiting...
[2m2026-03-09T03:20:45.521690Z[0m [32m INFO[0m [2mtt[0m[2m:[0m 
📍 Round 8/30
[2m2026-03-09T03:20:45.595468Z[0m [32m INFO[0m [2mtt[0m[2m:[0m    📭 Inbox empty, waiting...
[2m2026-03-09T03:20:50.598686Z[0m [32m INFO[0m [2mtt[0m[2m:[0m 
📍 Round 8/30
[2m2026-03-09T03:20:50.600349Z[0m [32m INFO[0m [2mtt[0m[2m:[0m    📭 Inbox empty, waiting...
[2m2026-03-09T03:20:55.602499Z[0m [32m INFO[0m [2mtt[0m[2m:[0m 
📍 Round 8/30
[2m2026-03-09T03:20:55.615958Z[0m [32m INFO[0m [2mtt[0m[2m:[0m    📭 Inbox empty, waiting...
[2m2026-03-09T03:21:00.620141Z[0m [32m INFO[0m [2mtt[0m[2m:[0m 
📍 Round 8/30
[2m2026-03-09T03:21:00.752955Z[0m [32m INFO[0m [2mtt[0m[2m:[0m    📭 Inbox empty, waiting...
[2m2026-03-09T03:21:05.755664Z[0m [32m INFO[0m [2mtt[0m[2m:[0m 
📍 Round 8/30
[2m2026-03-09T03:21:06.011046Z[0m [32m INFO[0m [2mtt[0m[2m:[0m    📭 Inbox empty, waiting...
[2m2026-03-09T03:21:11.030137Z[0m [32m INFO[0m [2mtt[0m[2m:[0m 
📍 Round 8/30
[2m2026-03-09T03:21:11.032111Z[0m [32m INFO[0m [2mtt[0m[2m:[0m    📭 Inbox empty, waiting...
[2m2026-03-09T03:21:16.036246Z[0m [32m INFO[0m [2mtt[0m[2m:[0m 
📍 Round 8/30
[2m2026-03-09T03:21:16.037626Z[0m [32m INFO[0m [2mtt[0m[2m:[0m    📭 Inbox empty, waiting...
[2m2026-03-09T03:21:21.039692Z[0m [32m INFO[0m [2mtt[0m[2m:[0m 
📍 Round 8/30
[2m2026-03-09T03:21:21.117287Z[0m [32m INFO[0m [2mtt[0m[2m:[0m    📭 Inbox empty, waiting...
[2m2026-03-09T03:21:26.130360Z[0m [32m INFO[0m [2mtt[0m[2m:[0m 
📍 Round 8/30
[2m2026-03-09T03:21:26.271931Z[0m [32m INFO[0m [2mtt[0m[2m:[0m    📭 Inbox empty, waiting...
[2m2026-03-09T03:21:31.277288Z[0m [32m INFO[0m [2mtt[0m[2m:[0m 
📍 Round 8/30
[2m2026-03-09T03:21:31.279437Z[0m [32m INFO[0m [2mtt[0m[2m:[0m    📭 Inbox empty, waiting...
[2m2026-03-09T03:21:36.282322Z[0m [32m INFO[0m [2mtt[0m[2m:[0m 
📍 Round 8/30
[2m2026-03-09T03:21:36.284949Z[0m [32m INFO[0m [2mtt[0m[2m:[0m    📭 Inbox empty, waiting...
[2m2026-03-09T03:21:41.288278Z[0m [32m INFO[0m [2mtt[0m[2m:[0m 
📍 Round 8/30
[2m2026-03-09T03:21:41.291422Z[0m [32m INFO[0m [2mtt[0m[2m:[0m    📭 Inbox empty, waiting...
[2m2026-03-09T03:21:46.294397Z[0m [32m INFO[0m [2mtt[0m[2m:[0m 
📍 Round 8/30
[2m2026-03-09T03:21:46.510967Z[0m [32m INFO[0m [2mtt[0m[2m:[0m    📭 Inbox empty, waiting...
[2m2026-03-09T03:21:51.519097Z[0m [32m INFO[0m [2mtt[0m[2m:[0m 
📍 Round 8/30
[2m2026-03-09T03:21:51.521931Z[0m [32m INFO[0m [2mtt[0m[2m:[0m    📭 Inbox empty, waiting...
[2m2026-03-09T03:21:56.526052Z[0m [32m INFO[0m [2mtt[0m[2m:[0m 
📍 Round 8/30
[2m2026-03-09T03:21:56.527899Z[0m [32m INFO[0m [2mtt[0m[2m:[0m    📭 Inbox empty, waiting...
[2m2026-03-09T03:22:01.530768Z[0m [32m INFO[0m [2mtt[0m[2m:[0m 
📍 Round 8/30
[2m2026-03-09T03:22:01.532313Z[0m [32m INFO[0m [2mtt[0m[2m:[0m    📭 Inbox empty, waiting...
