[2m2026-03-09T02:46:40.178471Z[0m [32m INFO[0m [2mtinytown::town[0m[2m:[0m Redis version 8.6 detected ✓
[2m2026-03-09T02:46:40.180224Z[0m [32m INFO[0m [2mtt[0m[2m:[0m 🔄 Agent 'supervisor' starting loop (max 50 rounds)
[2m2026-03-09T02:46:40.180247Z[0m [32m INFO[0m [2mtt[0m[2m:[0m    CLI: auggie (auggie --print)
[2m2026-03-09T02:46:40.180257Z[0m [32m INFO[0m [2mtt[0m[2m:[0m 
📍 Round 1/50
[2m2026-03-09T02:46:40.182732Z[0m [32m INFO[0m [2mtt[0m[2m:[0m    📭 Inbox empty, waiting...
[2m2026-03-09T02:46:45.185604Z[0m [32m INFO[0m [2mtt[0m[2m:[0m 
📍 Round 1/50
[2m2026-03-09T02:46:45.191054Z[0m [32m INFO[0m [2mtt[0m[2m:[0m    📭 Inbox empty, waiting...
[2m2026-03-09T02:46:50.195516Z[0m [32m INFO[0m [2mtt[0m[2m:[0m 
📍 Round 1/50
[2m2026-03-09T02:46:50.199886Z[0m [32m INFO[0m [2mtt[0m[2m:[0m    📭 Inbox empty, waiting...
[2m2026-03-09T02:46:55.203553Z[0m [32m INFO[0m [2mtt[0m[2m:[0m 
📍 Round 1/50
[2m2026-03-09T02:46:55.214027Z[0m [32m INFO[0m [2mtt[0m[2m:[0m    📭 Inbox empty, waiting...
[2m2026-03-09T02:47:00.218547Z[0m [32m INFO[0m [2mtt[0m[2m:[0m 
📍 Round 1/50
[2m2026-03-09T02:47:00.224273Z[0m [32m INFO[0m [2mtt[0m[2m:[0m    📬 batched: 1 actionable, 0 informational, 0 confirmations
[2m2026-03-09T02:47:00.229015Z[0m [32m INFO[0m [2mtt[0m[2m:[0m    🤖 Running auggie...
[2m2026-03-09T02:47:56.734352Z[0m [32m INFO[0m [2mtt[0m[2m:[0m    ✅ Round 1 complete
[2m2026-03-09T02:47:56.738998Z[0m [32m INFO[0m [2mtt[0m[2m:[0m    📊 Rounds completed: 1
[2m2026-03-09T02:47:57.742322Z[0m [32m INFO[0m [2mtt[0m[2m:[0m 
📍 Round 2/50
[2m2026-03-09T02:47:57.748192Z[0m [32m INFO[0m [2mtt[0m[2m:[0m    📬 batched: 0 actionable, 1 informational, 0 confirmations
[2m2026-03-09T02:47:57.749622Z[0m [32m INFO[0m [2mtt[0m[2m:[0m    Round 2: ⏭️ auto-handled 1 informational, 0 confirmations
[2m2026-03-09T02:47:58.758226Z[0m [32m INFO[0m [2mtt[0m[2m:[0m 
📍 Round 2/50
[2m2026-03-09T02:47:58.764146Z[0m [32m INFO[0m [2mtt[0m[2m:[0m    📭 Inbox empty, waiting...
[2m2026-03-09T02:48:03.771260Z[0m [32m INFO[0m [2mtt[0m[2m:[0m 
📍 Round 2/50
[2m2026-03-09T02:48:03.777392Z[0m [32m INFO[0m [2mtt[0m[2m:[0m    📭 Inbox empty, waiting...
[2m2026-03-09T02:48:08.785225Z[0m [32m INFO[0m [2mtt[0m[2m:[0m 
📍 Round 2/50
[2m2026-03-09T02:48:08.789518Z[0m [32m INFO[0m [2mtt[0m[2m:[0m    📭 Inbox empty, waiting...
[2m2026-03-09T02:48:13.796292Z[0m [32m INFO[0m [2mtt[0m[2m:[0m 
📍 Round 2/50
[2m2026-03-09T02:48:13.803769Z[0m [32m INFO[0m [2mtt[0m[2m:[0m    📭 Inbox empty, waiting...
[2m2026-03-09T02:48:18.810248Z[0m [32m INFO[0m [2mtt[0m[2m:[0m 
📍 Round 2/50
[2m2026-03-09T02:48:18.813836Z[0m [32m INFO[0m [2mtt[0m[2m:[0m    📬 batched: 0 actionable, 1 informational, 0 confirmations
[2m2026-03-09T02:48:18.814624Z[0m [32m INFO[0m [2mtt[0m[2m:[0m    Round 2: ⏭️ auto-handled 1 informational, 0 confirmations
[2m2026-03-09T02:48:19.820085Z[0m [32m INFO[0m [2mtt[0m[2m:[0m 
📍 Round 2/50
[2m2026-03-09T02:48:19.824484Z[0m [32m INFO[0m [2mtt[0m[2m:[0m    📭 Inbox empty, waiting...
[2m2026-03-09T02:48:24.829552Z[0m [32m INFO[0m [2mtt[0m[2m:[0m 
📍 Round 2/50
[2m2026-03-09T02:48:24.831952Z[0m [32m INFO[0m [2mtt[0m[2m:[0m    📭 Inbox empty, waiting...
[2m2026-03-09T02:48:29.835946Z[0m [32m INFO[0m [2mtt[0m[2m:[0m 
📍 Round 2/50
[2m2026-03-09T02:48:29.837527Z[0m [32m INFO[0m [2mtt[0m[2m:[0m    📭 Inbox empty, waiting...
[2m2026-03-09T02:48:34.840655Z[0m [32m INFO[0m [2mtt[0m[2m:[0m 
📍 Round 2/50
[2m2026-03-09T02:48:34.843372Z[0m [32m INFO[0m [2mtt[0m[2m:[0m    📭 Inbox empty, waiting...
[2m2026-03-09T02:48:39.847298Z[0m [32m INFO[0m [2mtt[0m[2m:[0m 
📍 Round 2/50
[2m2026-03-09T02:48:39.851642Z[0m [32m INFO[0m [2mtt[0m[2m:[0m    📭 Inbox empty, waiting...
[2m2026-03-09T02:48:44.855446Z[0m [32m INFO[0m [2mtt[0m[2m:[0m 
📍 Round 2/50
[2m2026-03-09T02:48:44.860798Z[0m [32m INFO[0m [2mtt[0m[2m:[0m    📭 Inbox empty, waiting...
[2m2026-03-09T02:48:49.865133Z[0m [32m INFO[0m [2mtt[0m[2m:[0m 
📍 Round 2/50
[2m2026-03-09T02:48:49.872346Z[0m [32m INFO[0m [2mtt[0m[2m:[0m    📭 Inbox empty, waiting...
[2m2026-03-09T02:48:54.877381Z[0m [32m INFO[0m [2mtt[0m[2m:[0m 
📍 Round 2/50
[2m2026-03-09T02:48:54.884449Z[0m [32m INFO[0m [2mtt[0m[2m:[0m    📭 Inbox empty, waiting...
[2m2026-03-09T02:48:59.889226Z[0m [32m INFO[0m [2mtt[0m[2m:[0m 
📍 Round 2/50
[2m2026-03-09T02:48:59.895537Z[0m [32m INFO[0m [2mtt[0m[2m:[0m    📭 Inbox empty, waiting...
[2m2026-03-09T02:49:04.900623Z[0m [32m INFO[0m [2mtt[0m[2m:[0m 
📍 Round 2/50
[2m2026-03-09T02:49:04.906759Z[0m [32m INFO[0m [2mtt[0m[2m:[0m    📭 Inbox empty, waiting...
[2m2026-03-09T02:49:09.911906Z[0m [32m INFO[0m [2mtt[0m[2m:[0m 
📍 Round 2/50
[2m2026-03-09T02:49:09.917790Z[0m [32m INFO[0m [2mtt[0m[2m:[0m    📭 Inbox empty, waiting...
[2m2026-03-09T02:49:14.922185Z[0m [32m INFO[0m [2mtt[0m[2m:[0m 
📍 Round 2/50
[2m2026-03-09T02:49:14.926848Z[0m [32m INFO[0m [2mtt[0m[2m:[0m    📭 Inbox empty, waiting...
[2m2026-03-09T02:49:19.929999Z[0m [32m INFO[0m [2mtt[0m[2m:[0m 
📍 Round 2/50
[2m2026-03-09T02:49:19.935878Z[0m [32m INFO[0m [2mtt[0m[2m:[0m    📭 Inbox empty, waiting...
[2m2026-03-09T02:49:24.939763Z[0m [32m INFO[0m [2mtt[0m[2m:[0m 
📍 Round 2/50
[2m2026-03-09T02:49:24.943192Z[0m [32m INFO[0m [2mtt[0m[2m:[0m    📭 Inbox empty, waiting...
[2m2026-03-09T02:49:29.946380Z[0m [32m INFO[0m [2mtt[0m[2m:[0m 
📍 Round 2/50
[2m2026-03-09T02:49:29.950764Z[0m [32m INFO[0m [2mtt[0m[2m:[0m    📭 Inbox empty, waiting...
[2m2026-03-09T02:49:34.955061Z[0m [32m INFO[0m [2mtt[0m[2m:[0m 
📍 Round 2/50
[2m2026-03-09T02:49:34.963040Z[0m [32m INFO[0m [2mtt[0m[2m:[0m    📭 Inbox empty, waiting...
[2m2026-03-09T02:49:39.968314Z[0m [32m INFO[0m [2mtt[0m[2m:[0m 
📍 Round 2/50
[2m2026-03-09T02:49:39.980616Z[0m [32m INFO[0m [2mtt[0m[2m:[0m    📭 Inbox empty, waiting...
[2m2026-03-09T02:49:44.986665Z[0m [32m INFO[0m [2mtt[0m[2m:[0m 
📍 Round 2/50
[2m2026-03-09T02:49:44.992335Z[0m [32m INFO[0m [2mtt[0m[2m:[0m    📭 Inbox empty, waiting...
[2m2026-03-09T02:49:49.996256Z[0m [32m INFO[0m [2mtt[0m[2m:[0m 
📍 Round 2/50
[2m2026-03-09T02:49:50.002298Z[0m [32m INFO[0m [2mtt[0m[2m:[0m    📭 Inbox empty, waiting...
[2m2026-03-09T02:49:55.005810Z[0m [32m INFO[0m [2mtt[0m[2m:[0m 
📍 Round 2/50
[2m2026-03-09T02:49:55.018477Z[0m [32m INFO[0m [2mtt[0m[2m:[0m    📭 Inbox empty, waiting...
[2m2026-03-09T02:50:00.024095Z[0m [32m INFO[0m [2mtt[0m[2m:[0m 
📍 Round 2/50
[2m2026-03-09T02:50:00.028166Z[0m [32m INFO[0m [2mtt[0m[2m:[0m    📭 Inbox empty, waiting...
[2m2026-03-09T02:50:05.032150Z[0m [32m INFO[0m [2mtt[0m[2m:[0m 
📍 Round 2/50
[2m2026-03-09T02:50:05.047688Z[0m [32m INFO[0m [2mtt[0m[2m:[0m    📭 Inbox empty, waiting...
[2m2026-03-09T02:50:10.054425Z[0m [32m INFO[0m [2mtt[0m[2m:[0m 
📍 Round 2/50
[2m2026-03-09T02:50:10.059605Z[0m [32m INFO[0m [2mtt[0m[2m:[0m    📭 Inbox empty, waiting...
[2m2026-03-09T02:50:15.063553Z[0m [32m INFO[0m [2mtt[0m[2m:[0m 
📍 Round 2/50
[2m2026-03-09T02:50:15.067198Z[0m [32m INFO[0m [2mtt[0m[2m:[0m    📭 Inbox empty, waiting...
[2m2026-03-09T02:50:20.070803Z[0m [32m INFO[0m [2mtt[0m[2m:[0m 
📍 Round 2/50
[2m2026-03-09T02:50:20.072125Z[0m [32m INFO[0m [2mtt[0m[2m:[0m    📭 Inbox empty, waiting...
[2m2026-03-09T02:50:25.075082Z[0m [32m INFO[0m [2mtt[0m[2m:[0m 
📍 Round 2/50
[2m2026-03-09T02:50:25.080806Z[0m [32m INFO[0m [2mtt[0m[2m:[0m    📭 Inbox empty, waiting...
[2m2026-03-09T02:50:30.084955Z[0m [32m INFO[0m [2mtt[0m[2m:[0m 
📍 Round 2/50
[2m2026-03-09T02:50:30.089823Z[0m [32m INFO[0m [2mtt[0m[2m:[0m    📭 Inbox empty, waiting...
[2m2026-03-09T02:50:35.093671Z[0m [32m INFO[0m [2mtt[0m[2m:[0m 
📍 Round 2/50
[2m2026-03-09T02:50:35.098712Z[0m [32m INFO[0m [2mtt[0m[2m:[0m    📭 Inbox empty, waiting...
[2m2026-03-09T02:50:40.102348Z[0m [32m INFO[0m [2mtt[0m[2m:[0m 
📍 Round 2/50
[2m2026-03-09T02:50:40.104354Z[0m [32m INFO[0m [2mtt[0m[2m:[0m    📭 Inbox empty, waiting...
[2m2026-03-09T02:50:45.107337Z[0m [32m INFO[0m [2mtt[0m[2m:[0m 
📍 Round 2/50
[2m2026-03-09T02:50:45.111305Z[0m [32m INFO[0m [2mtt[0m[2m:[0m    📭 Inbox empty, waiting...
[2m2026-03-09T02:50:50.115337Z[0m [32m INFO[0m [2mtt[0m[2m:[0m 
📍 Round 2/50
[2m2026-03-09T02:50:50.119742Z[0m [32m INFO[0m [2mtt[0m[2m:[0m    📭 Inbox empty, waiting...
[2m2026-03-09T02:50:55.123148Z[0m [32m INFO[0m [2mtt[0m[2m:[0m 
📍 Round 2/50
[2m2026-03-09T02:50:55.127934Z[0m [32m INFO[0m [2mtt[0m[2m:[0m    📭 Inbox empty, waiting...
[2m2026-03-09T02:51:00.132443Z[0m [32m INFO[0m [2mtt[0m[2m:[0m 
📍 Round 2/50
[2m2026-03-09T02:51:00.137018Z[0m [32m INFO[0m [2mtt[0m[2m:[0m    📭 Inbox empty, waiting...
[2m2026-03-09T02:51:05.139489Z[0m [32m INFO[0m [2mtt[0m[2m:[0m 
📍 Round 2/50
[2m2026-03-09T02:51:05.148547Z[0m [32m INFO[0m [2mtt[0m[2m:[0m    📭 Inbox empty, waiting...
[2m2026-03-09T02:51:10.153246Z[0m [32m INFO[0m [2mtt[0m[2m:[0m 
📍 Round 2/50
[2m2026-03-09T02:51:10.159367Z[0m [32m INFO[0m [2mtt[0m[2m:[0m    📭 Inbox empty, waiting...
[2m2026-03-09T02:51:15.163571Z[0m [32m INFO[0m [2mtt[0m[2m:[0m 
📍 Round 2/50
[2m2026-03-09T02:51:15.169649Z[0m [32m INFO[0m [2mtt[0m[2m:[0m    📭 Inbox empty, waiting...
[2m2026-03-09T02:51:20.174036Z[0m [32m INFO[0m [2mtt[0m[2m:[0m 
📍 Round 2/50
[2m2026-03-09T02:51:20.176673Z[0m [32m INFO[0m [2mtt[0m[2m:[0m    📭 Inbox empty, waiting...
[2m2026-03-09T02:51:25.179490Z[0m [32m INFO[0m [2mtt[0m[2m:[0m 
📍 Round 2/50
[2m2026-03-09T02:51:25.183984Z[0m [32m INFO[0m [2mtt[0m[2m:[0m    📭 Inbox empty, waiting...
[2m2026-03-09T02:51:30.191063Z[0m [32m INFO[0m [2mtt[0m[2m:[0m 
📍 Round 2/50
[2m2026-03-09T02:51:30.216299Z[0m [32m INFO[0m [2mtt[0m[2m:[0m    📭 Inbox empty, waiting...
[2m2026-03-09T02:51:35.232944Z[0m [32m INFO[0m [2mtt[0m[2m:[0m 
📍 Round 2/50
[2m2026-03-09T02:51:35.236912Z[0m [32m INFO[0m [2mtt[0m[2m:[0m    📭 Inbox empty, waiting...
[2m2026-03-09T02:51:40.240088Z[0m [32m INFO[0m [2mtt[0m[2m:[0m 
📍 Round 2/50
[2m2026-03-09T02:51:40.243816Z[0m [32m INFO[0m [2mtt[0m[2m:[0m    📭 Inbox empty, waiting...
[2m2026-03-09T02:51:45.247677Z[0m [32m INFO[0m [2mtt[0m[2m:[0m 
📍 Round 2/50
[2m2026-03-09T02:51:45.250464Z[0m [32m INFO[0m [2mtt[0m[2m:[0m    📭 Inbox empty, waiting...
[2m2026-03-09T02:51:50.264677Z[0m [32m INFO[0m [2mtt[0m[2m:[0m 
📍 Round 2/50
[2m2026-03-09T02:51:50.271092Z[0m [32m INFO[0m [2mtt[0m[2m:[0m    📭 Inbox empty, waiting...
[2m2026-03-09T02:51:55.275588Z[0m [32m INFO[0m [2mtt[0m[2m:[0m 
📍 Round 2/50
[2m2026-03-09T02:51:55.279322Z[0m [32m INFO[0m [2mtt[0m[2m:[0m    📭 Inbox empty, waiting...
[2m2026-03-09T02:52:00.283690Z[0m [32m INFO[0m [2mtt[0m[2m:[0m 
📍 Round 2/50
[2m2026-03-09T02:52:00.288983Z[0m [32m INFO[0m [2mtt[0m[2m:[0m    📭 Inbox empty, waiting...
[2m2026-03-09T02:52:05.293647Z[0m [32m INFO[0m [2mtt[0m[2m:[0m 
📍 Round 2/50
[2m2026-03-09T02:52:05.298963Z[0m [32m INFO[0m [2mtt[0m[2m:[0m    📭 Inbox empty, waiting...
[2m2026-03-09T02:52:10.302253Z[0m [32m INFO[0m [2mtt[0m[2m:[0m 
📍 Round 2/50
[2m2026-03-09T02:52:10.305005Z[0m [32m INFO[0m [2mtt[0m[2m:[0m    📭 Inbox empty, waiting...
[2m2026-03-09T02:52:15.307980Z[0m [32m INFO[0m [2mtt[0m[2m:[0m 
📍 Round 2/50
[2m2026-03-09T02:52:15.309824Z[0m [32m INFO[0m [2mtt[0m[2m:[0m    📭 Inbox empty, waiting...
[2m2026-03-09T02:52:20.311959Z[0m [32m INFO[0m [2mtt[0m[2m:[0m 
📍 Round 2/50
[2m2026-03-09T02:52:20.318492Z[0m [32m INFO[0m [2mtt[0m[2m:[0m    📭 Inbox empty, waiting...
[2m2026-03-09T02:52:25.321816Z[0m [32m INFO[0m [2mtt[0m[2m:[0m 
📍 Round 2/50
[2m2026-03-09T02:52:25.324893Z[0m [32m INFO[0m [2mtt[0m[2m:[0m    📭 Inbox empty, waiting...
[2m2026-03-09T02:52:30.328022Z[0m [32m INFO[0m [2mtt[0m[2m:[0m 
📍 Round 2/50
[2m2026-03-09T02:52:30.333771Z[0m [32m INFO[0m [2mtt[0m[2m:[0m    📭 Inbox empty, waiting...
[2m2026-03-09T02:52:35.338097Z[0m [32m INFO[0m [2mtt[0m[2m:[0m 
📍 Round 2/50
[2m2026-03-09T02:52:35.341554Z[0m [32m INFO[0m [2mtt[0m[2m:[0m    📭 Inbox empty, waiting...
[2m2026-03-09T02:52:40.344263Z[0m [32m INFO[0m [2mtt[0m[2m:[0m 
📍 Round 2/50
[2m2026-03-09T02:52:40.347639Z[0m [32m INFO[0m [2mtt[0m[2m:[0m    📭 Inbox empty, waiting...
[2m2026-03-09T02:52:45.351918Z[0m [32m INFO[0m [2mtt[0m[2m:[0m 
📍 Round 2/50
[2m2026-03-09T02:52:45.356742Z[0m [32m INFO[0m [2mtt[0m[2m:[0m    📭 Inbox empty, waiting...
[2m2026-03-09T02:52:50.360074Z[0m [32m INFO[0m [2mtt[0m[2m:[0m 
📍 Round 2/50
[2m2026-03-09T02:52:50.363906Z[0m [32m INFO[0m [2mtt[0m[2m:[0m    📭 Inbox empty, waiting...
[2m2026-03-09T02:52:55.368592Z[0m [32m INFO[0m [2mtt[0m[2m:[0m 
📍 Round 2/50
[2m2026-03-09T02:52:55.372568Z[0m [32m INFO[0m [2mtt[0m[2m:[0m    📭 Inbox empty, waiting...
[2m2026-03-09T02:53:00.376172Z[0m [32m INFO[0m [2mtt[0m[2m:[0m 
📍 Round 2/50
[2m2026-03-09T02:53:00.379776Z[0m [32m INFO[0m [2mtt[0m[2m:[0m    📭 Inbox empty, waiting...
[2m2026-03-09T02:53:05.383801Z[0m [32m INFO[0m [2mtt[0m[2m:[0m 
📍 Round 2/50
[2m2026-03-09T02:53:05.388523Z[0m [32m INFO[0m [2mtt[0m[2m:[0m    📭 Inbox empty, waiting...
[2m2026-03-09T02:53:10.392300Z[0m [32m INFO[0m [2mtt[0m[2m:[0m 
📍 Round 2/50
[2m2026-03-09T02:53:10.396665Z[0m [32m INFO[0m [2mtt[0m[2m:[0m    📭 Inbox empty, waiting...
[2m2026-03-09T02:53:15.400113Z[0m [32m INFO[0m [2mtt[0m[2m:[0m 
📍 Round 2/50
[2m2026-03-09T02:53:15.404169Z[0m [32m INFO[0m [2mtt[0m[2m:[0m    📋 Inbox empty, but backlog has 2 task(s); prompting backlog review
[2m2026-03-09T02:53:15.404206Z[0m [32m INFO[0m [2mtt[0m[2m:[0m    📬 batched: 1 actionable, 0 informational, 0 confirmations
[2m2026-03-09T02:53:15.408992Z[0m [32m INFO[0m [2mtt[0m[2m:[0m    🤖 Running auggie...
[2m2026-03-09T02:54:26.871567Z[0m [32m INFO[0m [2mtt[0m[2m:[0m    ✅ Round 2 complete
[2m2026-03-09T02:54:26.876033Z[0m [32m INFO[0m [2mtt[0m[2m:[0m    📊 Rounds completed: 2
[2m2026-03-09T02:54:27.892267Z[0m [32m INFO[0m [2mtt[0m[2m:[0m 
📍 Round 3/50
[2m2026-03-09T02:54:27.898735Z[0m [32m INFO[0m [2mtt[0m[2m:[0m    📬 batched: 0 actionable, 2 informational, 0 confirmations
[2m2026-03-09T02:54:27.899625Z[0m [32m INFO[0m [2mtt[0m[2m:[0m    📋 No direct actionable messages; backlog has 2 task(s), prompting claim review
[2m2026-03-09T02:54:27.904441Z[0m [32m INFO[0m [2mtt[0m[2m:[0m    🤖 Running auggie...
